\BOOKMARK [0][]{chapter*.1}{\376\377\166\356\137\125}{}% 1
\BOOKMARK [0][]{chapter.1}{\376\377\134\017\127\213\123\026\217\146\217\175\133\374\202\052\176\304\124\010\174\373\176\337\145\271\150\110\213\276\213\241}{}% 2
\BOOKMARK [1][]{section.1.1}{\376\377\137\025\212\000}{chapter.1}% 3
\BOOKMARK [1][]{section.1.2}{\376\377\217\146\217\175\176\304\124\010\133\374\202\052\174\373\176\337\127\120\150\007\133\232\116\111\123\312\217\154\143\142\143\142}{chapter.1}% 4
\BOOKMARK [2][]{subsection.1.2.1}{\376\377\133\374\202\052\127\120\150\007\174\373\133\232\116\111}{section.1.2}% 5
\BOOKMARK [2][]{subsection.1.2.2}{\376\377\127\120\150\007\174\373\123\330\143\142\123\237\164\006}{section.1.2}% 6
\BOOKMARK [1][]{section.1.3}{\376\377\133\374\202\052\133\232\117\115\123\237\164\006}{chapter.1}% 7
\BOOKMARK [2][]{subsection.1.3.1}{\376\377\126\333\121\103\145\160\116\016\131\377\140\001\146\364\145\260}{section.1.3}% 8
\BOOKMARK [2][]{subsection.1.3.2}{\376\377\220\037\136\246\146\364\145\260}{section.1.3}% 9
\BOOKMARK [2][]{subsection.1.3.3}{\376\377\117\115\177\156\146\364\145\260}{section.1.3}% 10
\BOOKMARK [1][]{section.1.4}{\376\377\134\017\127\213\123\026\217\146\217\175\176\304\124\010\133\232\117\115\123\237\164\006}{chapter.1}% 11
\BOOKMARK [1][]{section.1.5}{\376\377\217\146\217\175\176\304\124\010\133\232\117\115\174\373\176\337\140\073\117\123\145\271\150\110\213\276\213\241}{chapter.1}% 12
\BOOKMARK [1][]{section.1.6}{\376\377\147\054\172\340\134\017\176\323}{chapter.1}% 13
\BOOKMARK [0][]{chapter.2}{\376\377\134\017\127\213\123\026\176\304\124\010\133\232\117\115\174\373\176\337\170\154\116\366\213\276\213\241}{}% 14
\BOOKMARK [1][]{section.2.1}{\376\377\137\025\212\000}{chapter.2}% 15
\BOOKMARK [1][]{section.2.2}{\376\377\116\073\211\201\126\150\116\366\220\011\127\213}{chapter.2}% 16
\BOOKMARK [2][]{subsection.2.2.1}{\376\377\000\101\000\122\000\115\202\257\162\107}{section.2.2}% 17
\BOOKMARK [2][]{subsection.2.2.2}{\376\377\000\115\000\105\000\115\000\123\126\150\116\366}{section.2.2}% 18
\BOOKMARK [2][]{subsection.2.2.3}{\376\377\123\153\146\037\143\245\145\066\152\041\127\127}{section.2.2}% 19
\BOOKMARK [2][]{subsection.2.2.4}{\376\377\165\065\156\220\173\241\164\006\152\041\127\127}{section.2.2}% 20
\BOOKMARK [1][]{section.2.3}{\376\377\170\154\116\366\165\065\215\357\213\276\213\241}{chapter.2}% 21
\BOOKMARK [2][]{subsection.2.3.1}{\376\377\174\373\176\337\123\237\164\006\126\376\213\276\213\241}{section.2.3}% 22
\BOOKMARK [2][]{subsection.2.3.2}{\376\377\174\373\176\337\000\120\000\103\000\102\147\177\213\276\213\241}{section.2.3}% 23
\BOOKMARK [2][]{subsection.2.3.3}{\376\377\170\154\116\366\214\003\213\325}{section.2.3}% 24
\BOOKMARK [2][]{subsection.2.3.4}{\376\377\176\310\172\357\142\020\122\006\166\204\213\276\213\241}{section.2.3}% 25
\BOOKMARK [2][]{subsection.2.3.5}{\376\377\122\006\136\003\137\017\133\236\163\260\173\227\154\325}{section.2.3}% 26
\BOOKMARK [1][]{section.2.4}{\376\377\116\073\211\201\176\323\147\234}{chapter.2}% 27
\BOOKMARK [1][]{section.2.5}{\376\377\116\377\167\037\176\323\147\234\124\214\122\006\147\220}{chapter.2}% 28
\BOOKMARK [1][]{section.2.6}{\376\377\147\054\172\340\134\017\176\323}{chapter.2}% 29
