This is pdfTeX, Version 3.1415926-2.3-1.40.12 (MiKTeX 2.9) (preloaded format=pdflatex 2017.3.13)  2 JUN 2017 23:24
entering extended mode
**Thesis_of_shawnu_WANG.tex

("D:\Shan_5\shan_5\Graduation project\BIT_thesis\Draft\Version1.0\Thesis_of_sha
wnu_WANG.tex"
LaTeX2e <2011/06/27>
Babel <v3.8m> and hyphenation patterns for loaded.
(C:\CTEX\MiKTeX\tex\latex\ctex\ctexbook.cls
Document Class: ctexbook 2011/03/11 v1.02c ctexbook document class
(C:\CTEX\MiKTeX\tex\latex\ctex\opt\ctex-common-opts.def)
(C:\CTEX\MiKTeX\tex\latex\ctex\opt\ctex-caption-opts.def
\c@CTEX@sectiondepth=\count79
)
(C:\CTEX\MiKTeX\tex\latex\ctex\opt\ctex-class-opts.def)
(C:\CTEX\CTeX\tex\latex\ctex\cfg\ctexopts.cfg)
(C:\CTEX\MiKTeX\tex\latex\ctex\def\ctex-loadclass.def
(C:\CTEX\MiKTeX\tex\latex\base\book.cls
Document Class: book 2007/10/19 v1.4h Standard LaTeX document class
(C:\CTEX\MiKTeX\tex\latex\base\bk12.clo
File: bk12.clo 2007/10/19 v1.4h Standard LaTeX file (size option)
)
\c@part=\count80
\c@chapter=\count81
\c@section=\count82
\c@subsection=\count83
\c@subsubsection=\count84
\c@paragraph=\count85
\c@subparagraph=\count86
\c@figure=\count87
\c@table=\count88
\abovecaptionskip=\skip41
\belowcaptionskip=\skip42
\bibindent=\dimen102
))
(C:\CTEX\MiKTeX\tex\latex\ctex\def\ctex-common.def
(C:\CTEX\MiKTeX\tex\latex\l3kernel\expl3.sty
(C:\CTEX\MiKTeX\tex\latex\l3kernel\l3names.sty
(C:\CTEX\MiKTeX\tex\latex\l3kernel\l3bootstrap.sty
Package: l3bootstrap 2011/12/29 v3110 L3 Experimental bootstrap code
)
Package: l3names 2011/12/30 v3113 L3 Experimental namespace for primitives
)
(C:\CTEX\MiKTeX\tex\latex\misc\etex.sty
Package: etex 1998/03/26 v2.0 eTeX basic definition package (PEB)
\et@xins=\count89
)
Package: expl3 2012/02/26 v3471 L3 Experimental code bundle wrapper

(C:\CTEX\MiKTeX\tex\latex\graphics\color.sty
Package: color 2005/11/14 v1.0j Standard LaTeX Color (DPC)

(C:\CTEX\MiKTeX\tex\latex\00miktex\color.cfg
File: color.cfg 2007/01/18 v1.5 color configuration of teTeX/TeXLive
)
Package color Info: Driver file: pdftex.def on input line 130.

(C:\CTEX\MiKTeX\tex\latex\pdftex-def\pdftex.def
File: pdftex.def 2011/05/27 v0.06d Graphics/color for pdfTeX

(C:\CTEX\MiKTeX\tex\generic\oberdiek\infwarerr.sty
Package: infwarerr 2010/04/08 v1.3 Providing info/warning/message (HO)
)
(C:\CTEX\MiKTeX\tex\generic\oberdiek\ltxcmds.sty
Package: ltxcmds 2011/04/18 v1.20 LaTeX kernel commands for general use (HO)
)
\Gread@gobject=\count90
))
(C:\CTEX\MiKTeX\tex\latex\graphics\graphics.sty
Package: graphics 2009/02/05 v1.0o Standard LaTeX Graphics (DPC,SPQR)

(C:\CTEX\MiKTeX\tex\latex\graphics\trig.sty
Package: trig 1999/03/16 v1.09 sin cos tan (DPC)
)
(C:\CTEX\MiKTeX\tex\latex\00miktex\graphics.cfg
File: graphics.cfg 2007/01/18 v1.5 graphics configuration of teTeX/TeXLive
)
Package graphics Info: Driver file: pdftex.def on input line 91.
)
(C:\CTEX\MiKTeX\tex\latex\l3kernel\l3basics.sty
Package: l3basics 2012/02/26 v3460 L3 Experimental basic definitions
)
(C:\CTEX\MiKTeX\tex\latex\l3kernel\l3expan.sty
Package: l3expan 2012/02/26 v3460 L3 Experimental argument expansion
)
(C:\CTEX\MiKTeX\tex\latex\l3kernel\l3tl.sty
Package: l3tl 2012/02/26 v3460 L3 Experimental token lists
)
(C:\CTEX\MiKTeX\tex\latex\l3kernel\l3seq.sty
Package: l3seq 2012/01/09 v3158 L3 Experimental sequences and stacks
)
(C:\CTEX\MiKTeX\tex\latex\l3kernel\l3int.sty
Package: l3int 2012/02/26 v3460 L3 Experimental integers
\c_max_int=\count91
\l_tmpa_int=\count92
\l_tmpb_int=\count93
\l_tmpc_int=\count94
\g_tmpa_int=\count95
\g_tmpb_int=\count96
)
(C:\CTEX\MiKTeX\tex\latex\l3kernel\l3quark.sty
Package: l3quark 2012/02/12 v3384 L3 Experimental quarks
)
(C:\CTEX\MiKTeX\tex\latex\l3kernel\l3prg.sty
Package: l3prg 2012/02/26 v3464 L3 Experimental control structures
\g_prg_map_int=\count97
)
(C:\CTEX\MiKTeX\tex\latex\l3kernel\l3clist.sty
Package: l3clist 2012/02/26 v3460 L3 Experimental comma separated lists
)
(C:\CTEX\MiKTeX\tex\latex\l3kernel\l3token.sty
Package: l3token 2012/02/26 v3460 L3 Experimental token manipulation
)
(C:\CTEX\MiKTeX\tex\latex\l3kernel\l3prop.sty
Package: l3prop 2012/02/26 v3460 L3 Experimental property lists
)
(C:\CTEX\MiKTeX\tex\latex\l3kernel\l3msg.sty
Package: l3msg 2012/02/26 v3470 L3 Experimental messages
)
(C:\CTEX\MiKTeX\tex\latex\l3kernel\l3file.sty
Package: l3file 2012/02/26 v3464 L3 Experimental file and I/O operations
\l_iow_stream_int=\count98
\l_iow_line_length_int=\count99
\l_iow_target_length_int=\count100
\l_iow_current_line_int=\count101
\l_iow_current_word_int=\count102
\l_iow_current_indentation_int=\count103
)
(C:\CTEX\MiKTeX\tex\latex\l3kernel\l3skip.sty
Package: l3skip 2012/02/26 v3460 L3 Experimental dimensions and skips
\l_tmpa_dim=\dimen103
\l_tmpb_dim=\dimen104
\l_tmpc_dim=\dimen105
\g_tmpa_dim=\dimen106
\g_tmpb_dim=\dimen107
\l_tmpa_skip=\skip43
\l_tmpb_skip=\skip44
\l_tmpc_skip=\skip45
\g_tmpa_skip=\skip46
\g_tmpb_skip=\skip47
)
(C:\CTEX\MiKTeX\tex\latex\l3kernel\l3keys.sty
Package: l3keys 2011/12/22 v3086 L3 Experimental key-value interfaces
\g_keyval_level_int=\count104
\l_keys_choice_int=\count105
)
(C:\CTEX\MiKTeX\tex\latex\l3kernel\l3fp.sty
Package: l3fp 2012/02/06 v3315 L3 Experimental floating-point operations
\c_one_million=\count106
\c_one_hundred_million=\count107
\c_five_hundred_million=\count108
\c_one_thousand_million=\count109
\c_fp_pi_by_four_decimal_int=\count110
\c_fp_pi_by_four_extended_int=\count111
\c_fp_pi_decimal_int=\count112
\c_fp_pi_extended_int=\count113
\c_fp_two_pi_decimal_int=\count114
\c_fp_two_pi_extended_int=\count115
\l_fp_count_int=\count116
\l_fp_div_offset_int=\count117
\l_fp_exp_integer_int=\count118
\l_fp_exp_decimal_int=\count119
\l_fp_exp_extended_int=\count120
\l_fp_exp_exponent_int=\count121
\l_fp_input_a_sign_int=\count122
\l_fp_input_a_integer_int=\count123
\l_fp_input_a_decimal_int=\count124
\l_fp_input_a_exponent_int=\count125
\l_fp_input_b_sign_int=\count126
\l_fp_input_b_integer_int=\count127
\l_fp_input_b_decimal_int=\count128
\l_fp_input_b_exponent_int=\count129
\l_fp_input_a_extended_int=\count130
\l_fp_input_b_extended_int=\count131
\l_fp_mul_a_i_int=\count132
\l_fp_mul_a_ii_int=\count133
\l_fp_mul_a_iii_int=\count134
\l_fp_mul_a_iv_int=\count135
\l_fp_mul_a_v_int=\count136
\l_fp_mul_a_vi_int=\count137
\l_fp_mul_b_i_int=\count138
\l_fp_mul_b_ii_int=\count139
\l_fp_mul_b_iii_int=\count140
\l_fp_mul_b_iv_int=\count141
\l_fp_mul_b_v_int=\count142
\l_fp_mul_b_vi_int=\count143
\l_fp_mul_output_int=\count144
\l_fp_output_sign_int=\count145
\l_fp_output_integer_int=\count146
\l_fp_output_decimal_int=\count147
\l_fp_output_exponent_int=\count148
\l_fp_output_extended_int=\count149
\l_fp_round_position_int=\count150
\l_fp_round_target_int=\count151
\l_fp_split_sign_int=\count152
\l_fp_internal_int=\count153
\l_fp_trig_octant_int=\count154
\l_fp_trig_sign_int=\count155
\l_fp_trig_decimal_int=\count156
\l_fp_trig_extended_int=\count157
\l_fp_internal_dim=\dimen108
\l_fp_internal_skip=\skip48
)
(C:\CTEX\MiKTeX\tex\latex\l3kernel\l3box.sty
Package: l3box 2012/02/18 v3432 L3 Experimental boxes
\l_tmpb_box=\box26
\l_box_top_dim=\dimen109
\l_box_bottom_dim=\dimen110
\l_box_left_dim=\dimen111
\l_box_right_dim=\dimen112
\l_box_top_new_dim=\dimen113
\l_box_bottom_new_dim=\dimen114
\l_box_left_new_dim=\dimen115
\l_box_right_new_dim=\dimen116
\l_box_internal_box=\box27
)
(C:\CTEX\MiKTeX\tex\latex\l3kernel\l3coffins.sty
Package: l3coffins 2012/02/26 v3460 L3 Experimental coffin code layer
\l_coffin_internal_box=\box28
\l_coffin_internal_dim=\dimen117
\l_coffin_offset_x_dim=\dimen118
\l_coffin_offset_y_dim=\dimen119
\l_coffin_x_dim=\dimen120
\l_coffin_y_dim=\dimen121
\l_coffin_x_prime_dim=\dimen122
\l_coffin_y_prime_dim=\dimen123
\l_coffin_Depth_dim=\dimen124
\l_coffin_Height_dim=\dimen125
\l_coffin_TotalHeight_dim=\dimen126
\l_coffin_Width_dim=\dimen127
\c_empty_coffin=\box29
\l_coffin_aligned_coffin=\box30
\l_coffin_aligned_internal_coffin=\box31
\l_coffin_bounding_shift_dim=\dimen128
\l_coffin_left_corner_dim=\dimen129
\l_coffin_right_corner_dim=\dimen130
\l_coffin_bottom_corner_dim=\dimen131
\l_coffin_top_corner_dim=\dimen132
\l_coffin_scaled_total_height_dim=\dimen133
\l_coffin_scaled_width_dim=\dimen134
\l_coffin_display_coffin=\box32
\l_coffin_display_coord_coffin=\box33
\l_coffin_display_pole_coffin=\box34
\l_coffin_display_offset_dim=\dimen135
\l_coffin_display_x_dim=\dimen136
\l_coffin_display_y_dim=\dimen137
)
(C:\CTEX\MiKTeX\tex\latex\l3kernel\l3color.sty
Package: l3color 2011/09/07 v2776 L3 Experimental colour support
)
(C:\CTEX\MiKTeX\tex\latex\l3kernel\l3luatex.sty
Package: l3luatex 2012/02/09 v3355 L3 Experimental LuaTeX-specific functions
\g_cctab_allocate_int=\count158
\g_cctab_stack_int=\count159
))
(C:\CTEX\MiKTeX\tex\latex\etoolbox\etoolbox.sty
Package: etoolbox 2011/01/03 v2.1 e-TeX tools for LaTeX
\etb@tempcnta=\count160
)
(C:\CTEX\MiKTeX\tex\generic\oberdiek\ifpdf.sty
Package: ifpdf 2011/01/30 v2.3 Provides the ifpdf switch (HO)
Package ifpdf Info: pdfTeX in PDF mode is detected.
)
(C:\CTEX\MiKTeX\tex\generic\ifxetex\ifxetex.sty
Package: ifxetex 2010/09/12 v0.6 Provides ifxetex conditional
)
(C:\CTEX\MiKTeX\tex\latex\graphics\keyval.sty
Package: keyval 1999/03/16 v1.13 key=value parser (DPC)
\KV@toks@=\toks14
)
(C:\CTEX\MiKTeX\tex\latex\tools\indentfirst.sty
Package: indentfirst 1995/11/23 v1.03 Indent first paragraph (DPC)
)
(C:\CTEX\MiKTeX\tex\latex\base\fix-cm.sty
Package: fix-cm 2006/09/13 v1.1m fixes to LaTeX

(C:\CTEX\MiKTeX\tex\latex\base\ts1enc.def
File: ts1enc.def 2001/06/05 v3.0e (jk/car/fm) Standard LaTeX file
))
(C:\CTEX\MiKTeX\tex\latex\fancyhdr\fancyhdr.sty
\fancy@headwidth=\skip49
\f@ncyO@elh=\skip50
\f@ncyO@erh=\skip51
\f@ncyO@olh=\skip52
\f@ncyO@orh=\skip53
\f@ncyO@elf=\skip54
\f@ncyO@erf=\skip55
\f@ncyO@olf=\skip56
\f@ncyO@orf=\skip57
)
(C:\CTEX\MiKTeX\tex\latex\ctex\engine\ctex-cjk-engine.def
(C:\CTEX\MiKTeX\tex\latex\cjk\CJK.sty
Package: CJK 2008/12/29 4.8.2

(C:\CTEX\MiKTeX\tex\latex\cjk\mule\MULEenc.sty
Package: MULEenc 2008/12/29 4.8.2
)
(C:\CTEX\MiKTeX\tex\latex\cjk\CJK.enc
File: CJK.enc 2008/12/29 4.8.2
)
LaTeX Info: Redefining \selectfont on input line 756.
\CJK@indent=\box35
)
(C:\CTEX\CTeX\tex\latex\CJKpunct\CJKpunct.sty
Package: CJKpunct 2010/02/21 4.8.2-2
\CJKpunct@cnta=\count161
\CJKpunct@cntb=\count162
\CJKpunct@cntc=\count163
\CJKpunct@cntd=\count164
\CJKpunct@cnte=\count165

(C:\CTEX\CTeX\tex\latex\CJKpunct\CJKpunct.spa))
(C:\CTEX\MiKTeX\tex\latex\ctex\engine\ctex-cjk-common.def
(C:\CTEX\CTeX\tex\latex\CJK\CJKfntef.sty
Package: CJKfntef 2008/12/29 4.8.2

(C:\CTEX\MiKTeX\tex\latex\cjk\CJKulem.sty
Package: CJKulem 2008/12/29 4.8.2

(C:\CTEX\MiKTeX\tex\latex\ulem\ulem.sty
\UL@box=\box36
\UL@hyphenbox=\box37
\UL@skip=\skip58
\UL@hook=\toks15
\UL@height=\dimen138
\UL@pe=\count166
\UL@pixel=\dimen139
\ULC@box=\box38
Package: ulem 2011/03/18
\ULdepth=\dimen140
)
\UL@lastkern=\dimen141
\CJK@skip=\skip59
)
\CJK@fntefSkip=\skip60
\CJK@nest=\count167
\CJK@fntefDimen=\dimen142
\CJK@underdotBox=\box39
\CJK@ULbox=\box40
\CJK@underanyskip=\dimen143
)
\ccwd=\dimen144
)
(C:\CTEX\MiKTeX\tex\latex\ctex\fontset\ctex-cjk-winfonts.def
(C:\CTEX\MiKTeX\tex\generic\zhmetrics\zhwinfonts.tex
(C:\CTEX\MiKTeX\tex\generic\oberdiek\ifpdf.sty
Package ifpdf Info: The package is already loaded, stopped on input line 64.
){C:/CTEX/UserData/pdftex/config/pdftex.map{Unicode.sfd}{UGBK.sfd}})))
\CTEX@q=\count168
\CTEX@r=\count169
)
(C:\CTEX\MiKTeX\tex\latex\ctex\def\ctex-caption.def)
(C:\CTEX\MiKTeX\tex\latex\ctex\def\ctex-class.def)
(C:\CTEX\MiKTeX\tex\latex\ctex\def\ctex-book.def))
(C:\CTEX\MiKTeX\tex\latex\ctex\def\ctex-gbk.def)
(C:\CTEX\MiKTeX\tex\latex\ctex\cfg\ctexcap.cfg
(C:\CTEX\MiKTeX\tex\latex\ctex\cfg\ctexcap-gbk.cfg))
(C:\CTEX\MiKTeX\tex\latex\ctex\cfg\ctex.cfg)
("D:\Shan_5\shan_5\Graduation project\BIT_thesis\Draft\Version1.0\setup.tex"
(C:\CTEX\MiKTeX\tex\latex\oberdiek\pdflscape.sty
Package: pdflscape 2008/08/11 v0.10 Landscape pages in PDF (HO)

(C:\CTEX\MiKTeX\tex\latex\graphics\lscape.sty
Package: lscape 2000/10/22 v3.01 Landscape Pages (DPC)
)
Package pdflscape Info: Auto-detected driver: pdftex on input line 80.
)
(C:\CTEX\MiKTeX\tex\latex\tools\array.sty
Package: array 2008/09/09 v2.4c Tabular extension package (FMi)
\col@sep=\dimen145
\extrarowheight=\dimen146
\NC@list=\toks16
\extratabsurround=\skip61
\backup@length=\skip62
)
(C:\CTEX\MiKTeX\tex\latex\tools\enumerate.sty
Package: enumerate 1999/03/05 v3.00 enumerate extensions (DPC)
\@enLab=\toks17
)
(C:\CTEX\MiKTeX\tex\latex\base\fontenc.sty
Package: fontenc 2005/09/27 v1.99g Standard LaTeX package

(C:\CTEX\MiKTeX\tex\latex\base\t1enc.def
File: t1enc.def 2005/09/27 v1.99g Standard LaTeX file
LaTeX Font Info:    Redeclaring font encoding T1 on input line 43.
))
(C:\CTEX\MiKTeX\tex\latex\psnfss\mathptmx.sty
Package: mathptmx 2005/04/12 PSNFSS-v9.2a Times w/ Math, improved (SPQR, WaS) 
LaTeX Font Info:    Redeclaring symbol font `operators' on input line 28.
LaTeX Font Info:    Overwriting symbol font `operators' in version `normal'
(Font)                  OT1/cmr/m/n --> OT1/ztmcm/m/n on input line 28.
LaTeX Font Info:    Overwriting symbol font `operators' in version `bold'
(Font)                  OT1/cmr/bx/n --> OT1/ztmcm/m/n on input line 28.
LaTeX Font Info:    Redeclaring symbol font `letters' on input line 29.
LaTeX Font Info:    Overwriting symbol font `letters' in version `normal'
(Font)                  OML/cmm/m/it --> OML/ztmcm/m/it on input line 29.
LaTeX Font Info:    Overwriting symbol font `letters' in version `bold'
(Font)                  OML/cmm/b/it --> OML/ztmcm/m/it on input line 29.
LaTeX Font Info:    Redeclaring symbol font `symbols' on input line 30.
LaTeX Font Info:    Overwriting symbol font `symbols' in version `normal'
(Font)                  OMS/cmsy/m/n --> OMS/ztmcm/m/n on input line 30.
LaTeX Font Info:    Overwriting symbol font `symbols' in version `bold'
(Font)                  OMS/cmsy/b/n --> OMS/ztmcm/m/n on input line 30.
LaTeX Font Info:    Redeclaring symbol font `largesymbols' on input line 31.
LaTeX Font Info:    Overwriting symbol font `largesymbols' in version `normal'
(Font)                  OMX/cmex/m/n --> OMX/ztmcm/m/n on input line 31.
LaTeX Font Info:    Overwriting symbol font `largesymbols' in version `bold'
(Font)                  OMX/cmex/m/n --> OMX/ztmcm/m/n on input line 31.
\symbold=\mathgroup4
\symitalic=\mathgroup5
LaTeX Font Info:    Redeclaring math alphabet \mathbf on input line 34.
LaTeX Font Info:    Overwriting math alphabet `\mathbf' in version `normal'
(Font)                  OT1/cmr/bx/n --> OT1/ptm/bx/n on input line 34.
LaTeX Font Info:    Overwriting math alphabet `\mathbf' in version `bold'
(Font)                  OT1/cmr/bx/n --> OT1/ptm/bx/n on input line 34.
LaTeX Font Info:    Redeclaring math alphabet \mathit on input line 35.
LaTeX Font Info:    Overwriting math alphabet `\mathit' in version `normal'
(Font)                  OT1/cmr/m/it --> OT1/ptm/m/it on input line 35.
LaTeX Font Info:    Overwriting math alphabet `\mathit' in version `bold'
(Font)                  OT1/cmr/bx/it --> OT1/ptm/m/it on input line 35.
LaTeX Info: Redefining \hbar on input line 50.
)
(C:\CTEX\MiKTeX\tex\latex\natbib\natbib.sty
Package: natbib 2010/09/13 8.31b (PWD, AO)
\bibhang=\skip63
\bibsep=\skip64
LaTeX Info: Redefining \cite on input line 694.
\c@NAT@ctr=\count170
)
(C:\CTEX\CTeX\tex\latex\hypernat\hypernat.sty
Package: hypernat 2001/07/09 v1.0b hyperref and natbib compatibility (jb)
)
(C:\CTEX\CTeX\tex\latex\ccmap\ccmap.sty
Package: ccmap 2006/11/18


Package ccmap Warning: fontenc already loaded - some fonts may be unprocessed.

\CCT@hooka@@=\toks18
) (C:\CTEX\MiKTeX\tex\latex\amsfonts\amssymb.sty
Package: amssymb 2009/06/22 v3.00

(C:\CTEX\MiKTeX\tex\latex\amsfonts\amsfonts.sty
Package: amsfonts 2009/06/22 v3.00 Basic AMSFonts support
\@emptytoks=\toks19
\symAMSa=\mathgroup6
\symAMSb=\mathgroup7
LaTeX Font Info:    Overwriting math alphabet `\mathfrak' in version `bold'
(Font)                  U/euf/m/n --> U/euf/b/n on input line 96.
))
(C:\CTEX\MiKTeX\tex\latex\ams\math\amsmath.sty
Package: amsmath 2000/07/18 v2.13 AMS math features
\@mathmargin=\skip65

For additional information on amsmath, use the `?' option.
(C:\CTEX\MiKTeX\tex\latex\ams\math\amstext.sty
Package: amstext 2000/06/29 v2.01

(C:\CTEX\MiKTeX\tex\latex\ams\math\amsgen.sty
File: amsgen.sty 1999/11/30 v2.0
\@emptytoks=\toks20
\ex@=\dimen147
))
(C:\CTEX\MiKTeX\tex\latex\ams\math\amsbsy.sty
Package: amsbsy 1999/11/29 v1.2d
\pmbraise@=\dimen148
)
(C:\CTEX\MiKTeX\tex\latex\ams\math\amsopn.sty
Package: amsopn 1999/12/14 v2.01 operator names
)
\inf@bad=\count171
LaTeX Info: Redefining \frac on input line 211.
\uproot@=\count172
\leftroot@=\count173
LaTeX Info: Redefining \overline on input line 307.
\classnum@=\count174
\DOTSCASE@=\count175
LaTeX Info: Redefining \ldots on input line 379.
LaTeX Info: Redefining \dots on input line 382.
LaTeX Info: Redefining \cdots on input line 467.
\Mathstrutbox@=\box41
\strutbox@=\box42
\big@size=\dimen149
LaTeX Font Info:    Redeclaring font encoding OML on input line 567.
LaTeX Font Info:    Redeclaring font encoding OMS on input line 568.
\macc@depth=\count176
\c@MaxMatrixCols=\count177
\dotsspace@=\muskip10
\c@parentequation=\count178
\dspbrk@lvl=\count179
\tag@help=\toks21
\row@=\count180
\column@=\count181
\maxfields@=\count182
\andhelp@=\toks22
\eqnshift@=\dimen150
\alignsep@=\dimen151
\tagshift@=\dimen152
\tagwidth@=\dimen153
\totwidth@=\dimen154
\lineht@=\dimen155
\@envbody=\toks23
\multlinegap=\skip66
\multlinetaggap=\skip67
\mathdisplay@stack=\toks24
LaTeX Info: Redefining \[ on input line 2666.
LaTeX Info: Redefining \] on input line 2667.
)
(C:\CTEX\MiKTeX\tex\latex\fancyref\fancyref.sty
Package: fancyref 1999/02/03 v0.9c Fancy cross-referencing

(C:\CTEX\MiKTeX\tex\latex\tools\varioref.sty
Package: varioref 2011/10/02 v1.4z package for extended references (FMi)
\c@vrcnt=\count183
))
(C:\CTEX\MiKTeX\tex\latex\jknappen\mathrsfs.sty
Package: mathrsfs 1996/01/01 Math RSFS package v1.0 (jk)
\symrsfs=\mathgroup8
)
(C:\CTEX\MiKTeX\tex\latex\subfigure\subfigure.sty
Package: subfigure 2002/07/30 v2.1.4 subfigure package
\subfigtopskip=\skip68
\subfigcapskip=\skip69
\subfigcaptopadj=\dimen156
\subfigbottomskip=\skip70
\subfigcapmargin=\dimen157
\subfiglabelskip=\skip71
\c@subfigure=\count184
\c@lofdepth=\count185
\c@subtable=\count186
\c@lotdepth=\count187

****************************************
* Local config file subfigure.cfg used *
****************************************
(C:\CTEX\MiKTeX\tex\latex\subfigure\subfigure.cfg)
\subfig@top=\skip72
\subfig@bottom=\skip73
)
(C:\CTEX\MiKTeX\tex\latex\listings\listings.sty
\lst@mode=\count188
\lst@gtempboxa=\box43
\lst@token=\toks25
\lst@length=\count189
\lst@currlwidth=\dimen158
\lst@column=\count190
\lst@pos=\count191
\lst@lostspace=\dimen159
\lst@width=\dimen160
\lst@newlines=\count192
\lst@lineno=\count193
\lst@maxwidth=\dimen161

(C:\CTEX\MiKTeX\tex\latex\listings\lstmisc.sty
File: lstmisc.sty 2007/02/22 1.4 (Carsten Heinz)
\c@lstnumber=\count194
\lst@skipnumbers=\count195
\lst@framebox=\box44
)
(C:\CTEX\MiKTeX\tex\latex\listings\listings.cfg
File: listings.cfg 2007/02/22 1.4 listings configuration
))
Package: listings 2007/02/22 1.4 (Carsten Heinz)

(C:\CTEX\MiKTeX\tex\latex\tools\bm.sty
Package: bm 2004/02/26 v1.1c Bold Symbol Support (DPC/FMi)
LaTeX Info: Redefining \bm on input line 204.
)
(C:\CTEX\MiKTeX\tex\latex\geometry\geometry.sty
Package: geometry 2010/09/12 v5.6 Page Geometry

(C:\CTEX\MiKTeX\tex\generic\oberdiek\ifvtex.sty
Package: ifvtex 2010/03/01 v1.5 Switches for detecting VTeX and its modes (HO)
Package ifvtex Info: VTeX not detected.
)
\Gm@cnth=\count196
\Gm@cntv=\count197
\c@Gm@tempcnt=\count198
\Gm@bindingoffset=\dimen162
\Gm@wd@mp=\dimen163
\Gm@odd@mp=\dimen164
\Gm@even@mp=\dimen165
\Gm@layoutwidth=\dimen166
\Gm@layoutheight=\dimen167
\Gm@layouthoffset=\dimen168
\Gm@layoutvoffset=\dimen169
\Gm@dimlist=\toks26

(C:\CTEX\MiKTeX\tex\latex\geometry\geometry.cfg))
(C:\CTEX\MiKTeX\tex\latex\graphics\graphicx.sty
Package: graphicx 1999/02/16 v1.0f Enhanced LaTeX Graphics (DPC,SPQR)
\Gin@req@height=\dimen170
\Gin@req@width=\dimen171
)
(C:\CTEX\MiKTeX\tex\latex\threeparttable\threeparttable.sty
Package: threeparttable 2003/06/13  v 3.0
\@tempboxb=\box45
)
(C:\CTEX\MiKTeX\tex\latex\tools\dcolumn.sty
Package: dcolumn 2001/05/28 v1.06 decimal alignment package (DPC)
)
(C:\CTEX\MiKTeX\tex\latex\multirow\multirow.sty
\bigstrutjot=\dimen172
)
(C:\CTEX\MiKTeX\tex\latex\booktabs\booktabs.sty
Package: booktabs 2005/04/14 v1.61803 publication quality tables
\heavyrulewidth=\dimen173
\lightrulewidth=\dimen174
\cmidrulewidth=\dimen175
\belowrulesep=\dimen176
\belowbottomsep=\dimen177
\aboverulesep=\dimen178
\abovetopsep=\dimen179
\cmidrulesep=\dimen180
\cmidrulekern=\dimen181
\defaultaddspace=\dimen182
\@cmidla=\count199
\@cmidlb=\count200
\@aboverulesep=\dimen183
\@belowrulesep=\dimen184
\@thisruleclass=\count201
Normal \count register pool exhausted, switching to extended pool.
\@lastruleclass=\count277
\@thisrulewidth=\dimen185
)
(C:\CTEX\MiKTeX\tex\latex\caption\caption.sty
Package: caption 2011/11/10 v3.2e Customizing captions (AR)

(C:\CTEX\MiKTeX\tex\latex\caption\caption3.sty
Package: caption3 2011/11/01 v1.4a caption3 kernel (AR)
\captionmargin=\dimen186
\captionmargin@=\dimen187
\captionwidth=\dimen188
\caption@indent=\dimen189
\caption@parindent=\dimen190
\caption@hangindent=\dimen191
Package caption Info: Unknown document class (or package),
(caption)             standard defaults will be used.
)

Package caption Warning: Unsupported document class (or package) detected,
(caption)                usage of the caption package is not recommended.
See the caption package documentation for explanation.

Package caption Info: \@makecaption = \long macro:#1#2->\vskip \abovecaptionski
p \sbox \@tempboxa {#1\CTEX@caption@delimiter #2}\ifdim \wd \@tempboxa >\hsize 
#1\CTEX@caption@delimiter #2\par \else \global \@minipagefalse \hb@xt@ \hsize {
\hfil \box \@tempboxa \hfil }\fi \vskip \belowcaptionskip .
\c@ContinuedFloat=\count278
Package caption Info: listings package is loaded.
Package caption Info: subfigure package is loaded.
Package caption Info: threeparttable package is loaded.
)
\c@theorem=\count279
\c@corollary=\count280
\c@property=\count281
\c@lemma=\count282
\c@example=\count283
\c@assumption=\count284
\c@problem=\count285
\c@definition=\count286
\c@remark=\count287
\c@notation=\count288
 (C:\CTEX\MiKTeX\tex\latex\tools\calc.sty
Package: calc 2007/08/22 v4.3 Infix arithmetic (KKT,FJ)
\calc@Acount=\count289
\calc@Bcount=\count290
\calc@Adimen=\dimen192
\calc@Bdimen=\dimen193
\calc@Askip=\skip74
\calc@Bskip=\skip75
LaTeX Info: Redefining \setlength on input line 76.
LaTeX Info: Redefining \addtolength on input line 77.
\calc@Ccount=\count291
\calc@Cskip=\skip76
)
\tmpfontsizelength=\skip77

(C:\CTEX\MiKTeX\tex\latex\titlesec\titlesec.sty
Package: titlesec 2011/12/15 v2.10.0 Sectioning titles
\ttl@box=\box46
\beforetitleunit=\skip78
\aftertitleunit=\skip79
\ttl@plus=\dimen194
\ttl@minus=\dimen195
\ttl@toksa=\toks27
\titlewidth=\dimen196
\titlewidthlast=\dimen197
\titlewidthfirst=\dimen198
)
(C:\CTEX\MiKTeX\tex\latex\titlesec\titletoc.sty
Package: titletoc 2011/12/15 v1.6 TOC entries
\ttl@leftsep=\dimen199
)
(C:\CTEX\MiKTeX\tex\latex\tocbibind\tocbibind.sty
Package: tocbibind 2010/10/13 v1.5k extra ToC listings
Package tocbibind Info: The document has chapter divisions on input line 50.


Package tocbibind Note: Using chapter style headings, unless overridden.

) (C:\CTEX\MiKTeX\tex\latex\hyperref\hyperref.sty
Package: hyperref 2012/02/06 v6.82o Hypertext links for LaTeX

(C:\CTEX\MiKTeX\tex\generic\oberdiek\hobsub-hyperref.sty
Package: hobsub-hyperref 2011/04/23 v1.4 Bundle oberdiek, subset hyperref (HO)

(C:\CTEX\MiKTeX\tex\generic\oberdiek\hobsub-generic.sty
Package: hobsub-generic 2011/04/23 v1.4 Bundle oberdiek, subset generic (HO)
Package: hobsub 2011/04/23 v1.4 Subsetting bundle oberdiek (HO)
Package hobsub Info: Skipping package `infwarerr' (already loaded).
Package hobsub Info: Skipping package `ltxcmds' (already loaded).
Package: ifluatex 2010/03/01 v1.3 Provides the ifluatex switch (HO)
Package ifluatex Info: LuaTeX not detected.
Package hobsub Info: Skipping package `ifvtex' (already loaded).
Package: intcalc 2007/09/27 v1.1 Expandable integer calculations (HO)
Package hobsub Info: Skipping package `ifpdf' (already loaded).
Package: etexcmds 2011/02/16 v1.5 Prefix for e-TeX command names (HO)
Package etexcmds Info: Could not find \expanded.
(etexcmds)             That can mean that you are not using pdfTeX 1.50 or
(etexcmds)             that some package has redefined \expanded.
(etexcmds)             In the latter case, load this package earlier.
Package: kvsetkeys 2011/04/07 v1.13 Key value parser (HO)
Package: kvdefinekeys 2011/04/07 v1.3 Defining keys (HO)
Package: pdftexcmds 2011/04/22 v0.16 Utilities of pdfTeX for LuaTeX (HO)
Package pdftexcmds Info: LuaTeX not detected.
Package pdftexcmds Info: \pdf@primitive is available.
Package pdftexcmds Info: \pdf@ifprimitive is available.
Package pdftexcmds Info: \pdfdraftmode found.
Package: pdfescape 2011/04/04 v1.12 Provides string conversions (HO)
Package: bigintcalc 2011/01/30 v1.2 Expandable big integer calculations (HO)
Package: bitset 2011/01/30 v1.1 Data type bit set (HO)
Package: uniquecounter 2011/01/30 v1.2 Provides unlimited unique counter (HO)
)
Package hobsub Info: Skipping package `hobsub' (already loaded).
Package: letltxmacro 2010/09/02 v1.4 Let assignment for LaTeX macros (HO)
Package: hopatch 2011/01/30 v1.0 Wrapper for package hooks (HO)
Package: xcolor-patch 2011/01/30 xcolor patch
Package: atveryend 2011/04/23 v1.7 Hooks at very end of document (HO)
Package: atbegshi 2011/01/30 v1.15 At begin shipout hook (HO)
Package: refcount 2010/12/01 v3.2 Data extraction from references (HO)
Package: hycolor 2011/01/30 v1.7 Color options of hyperref/bookmark (HO)
)
(C:\CTEX\MiKTeX\tex\latex\oberdiek\kvoptions.sty
Package: kvoptions 2010/12/23 v3.10 Keyval support for LaTeX options (HO)
)
\@linkdim=\dimen200
\Hy@linkcounter=\count292
\Hy@pagecounter=\count293

(C:\CTEX\MiKTeX\tex\latex\hyperref\pd1enc.def
File: pd1enc.def 2012/02/06 v6.82o Hyperref: PDFDocEncoding definition (HO)
)
\Hy@SavedSpaceFactor=\count294

(C:\CTEX\MiKTeX\tex\latex\00miktex\hyperref.cfg
File: hyperref.cfg 2002/06/06 v1.2 hyperref configuration of TeXLive
)
Package hyperref Info: Option `CJKbookmarks' set `true' on input line 3925.
Package hyperref Info: Option `colorlinks' set `true' on input line 3925.
Package hyperref Info: Hyper figures OFF on input line 4046.
Package hyperref Info: Link nesting OFF on input line 4051.
Package hyperref Info: Hyper index ON on input line 4054.
Package hyperref Info: Plain pages OFF on input line 4061.
Package hyperref Info: Backreferencing OFF on input line 4066.
Package hyperref Info: Implicit mode ON; LaTeX internals redefined.
Package hyperref Info: Bookmarks ON on input line 4284.
\c@Hy@tempcnt=\count295

(C:\CTEX\MiKTeX\tex\latex\ltxmisc\url.sty
\Urlmuskip=\muskip11
Package: url 2006/04/12  ver 3.3  Verb mode for urls, etc.
)
LaTeX Info: Redefining \url on input line 4637.
\Fld@menulength=\count296
\Field@Width=\dimen201
Normal \dimen register pool exhausted, switching to extended pool.
\Fld@charsize=\dimen256
Package hyperref Info: Hyper figures OFF on input line 5757.
Package hyperref Info: Link nesting OFF on input line 5762.
Package hyperref Info: Hyper index ON on input line 5765.
Package hyperref Info: backreferencing OFF on input line 5772.
Package hyperref Info: Link coloring ON on input line 5775.
Package hyperref Info: Link coloring with OCG OFF on input line 5782.
Package hyperref Info: PDF/A mode OFF on input line 5787.
LaTeX Info: Redefining \ref on input line 5827.
LaTeX Info: Redefining \pageref on input line 5831.
\Hy@abspage=\count297
\c@Item=\count298
\c@Hfootnote=\count299
)

Package hyperref Message: Driver: hpdftex.

(C:\CTEX\MiKTeX\tex\latex\hyperref\hpdftex.def
File: hpdftex.def 2012/02/06 v6.82o Hyperref driver for pdfTeX
\Fld@listcount=\count300
\c@bookmark@seq@number=\count301

(C:\CTEX\MiKTeX\tex\latex\oberdiek\rerunfilecheck.sty
Package: rerunfilecheck 2011/04/15 v1.7 Rerun checks for auxiliary files (HO)
Package uniquecounter Info: New unique counter `rerunfilecheck' on input line 2
82.
)
\Hy@SectionHShift=\skip80
)
Package hyperref Info: Option `CJKbookmarks' set `true' on input line 244.
Package hyperref Info: Option `bookmarksnumbered' set `true' on input line 244.



Package hyperref Warning: Option `bookmarks' has already been used,
(hyperref)                setting the option has no effect on input line 244.

Package hyperref Info: Option `bookmarksopen' set `true' on input line 244.
Package hyperref Info: Option `colorlinks' set `true' on input line 244.
)
("D:\Shan_5\shan_5\Graduation project\BIT_thesis\Draft\Version1.0\Thesis_of_sha
wnu_WANG.aux"
("D:\Shan_5\shan_5\Graduation project\BIT_thesis\Draft\Version1.0\chapter/chapt
er1.aux")
("D:\Shan_5\shan_5\Graduation project\BIT_thesis\Draft\Version1.0\chapter/chapt
er2.aux")
("D:\Shan_5\shan_5\Graduation project\BIT_thesis\Draft\Version1.0\chapter/chapt
er3.aux")
("D:\Shan_5\shan_5\Graduation project\BIT_thesis\Draft\Version1.0\chapter/chapt
er4.aux")
("D:\Shan_5\shan_5\Graduation project\BIT_thesis\Draft\Version1.0\chapter/chapt
er5.aux")
("D:\Shan_5\shan_5\Graduation project\BIT_thesis\Draft\Version1.0\chapter/chapt
er6.aux")
("D:\Shan_5\shan_5\Graduation project\BIT_thesis\Draft\Version1.0\chapter/chap-
bibs.aux"

Package natbib Warning: Citation `RStirling(2005)' multiply defined.

)
("D:\Shan_5\shan_5\Graduation project\BIT_thesis\Draft\Version1.0\chapter/chap-
pubs.aux")
("D:\Shan_5\shan_5\Graduation project\BIT_thesis\Draft\Version1.0\chapter/chap-
ack.aux"))
LaTeX Font Info:    Checking defaults for OML/cmm/m/it on input line 9.
LaTeX Font Info:    ... okay on input line 9.
LaTeX Font Info:    Checking defaults for T1/cmr/m/n on input line 9.
LaTeX Font Info:    ... okay on input line 9.
LaTeX Font Info:    Checking defaults for OT1/cmr/m/n on input line 9.
LaTeX Font Info:    ... okay on input line 9.
LaTeX Font Info:    Checking defaults for OMS/cmsy/m/n on input line 9.
LaTeX Font Info:    ... okay on input line 9.
LaTeX Font Info:    Checking defaults for OMX/cmex/m/n on input line 9.
LaTeX Font Info:    ... okay on input line 9.
LaTeX Font Info:    Checking defaults for U/cmr/m/n on input line 9.
LaTeX Font Info:    ... okay on input line 9.
LaTeX Font Info:    Checking defaults for TS1/cmr/m/n on input line 9.
LaTeX Font Info:    ... okay on input line 9.
LaTeX Font Info:    Checking defaults for C00/song/m/n on input line 9.
LaTeX Font Info:    ... okay on input line 9.
LaTeX Font Info:    Checking defaults for C05/song/m/n on input line 9.
LaTeX Font Info:    ... okay on input line 9.
LaTeX Font Info:    Checking defaults for C09/song/m/n on input line 9.
LaTeX Font Info:    ... okay on input line 9.
LaTeX Font Info:    Checking defaults for C10/song/m/n on input line 9.
LaTeX Font Info:    ... okay on input line 9.
LaTeX Font Info:    Checking defaults for C20/song/m/n on input line 9.
LaTeX Font Info:    ... okay on input line 9.
LaTeX Font Info:    Checking defaults for C19/song/m/n on input line 9.
LaTeX Font Info:    ... okay on input line 9.
LaTeX Font Info:    Checking defaults for C40/song/m/n on input line 9.
LaTeX Font Info:    ... okay on input line 9.
LaTeX Font Info:    Checking defaults for C42/song/m/n on input line 9.
LaTeX Font Info:    ... okay on input line 9.
LaTeX Font Info:    Checking defaults for C43/song/m/n on input line 9.
LaTeX Font Info:    ... okay on input line 9.
LaTeX Font Info:    Checking defaults for C50/song/m/n on input line 9.
LaTeX Font Info:    ... okay on input line 9.
LaTeX Font Info:    Checking defaults for C52/song/m/n on input line 9.
LaTeX Font Info:    ... okay on input line 9.
LaTeX Font Info:    Checking defaults for C49/song/m/n on input line 9.
LaTeX Font Info:    ... okay on input line 9.
LaTeX Font Info:    Checking defaults for C60/mj/m/n on input line 9.
LaTeX Font Info:    ... okay on input line 9.
LaTeX Font Info:    Checking defaults for C61/mj/m/n on input line 9.
LaTeX Font Info:    ... okay on input line 9.
LaTeX Font Info:    Checking defaults for C63/mj/m/n on input line 9.
LaTeX Font Info:    ... okay on input line 9.
LaTeX Font Info:    Checking defaults for C64/mj/m/n on input line 9.
LaTeX Font Info:    ... okay on input line 9.
LaTeX Font Info:    Checking defaults for C65/mj/m/n on input line 9.
LaTeX Font Info:    ... okay on input line 9.
LaTeX Font Info:    Checking defaults for C70/song/m/n on input line 9.
LaTeX Font Info:    ... okay on input line 9.
LaTeX Font Info:    Checking defaults for C31/song/m/n on input line 9.
LaTeX Font Info:    ... okay on input line 9.
LaTeX Font Info:    Checking defaults for C32/song/m/n on input line 9.
LaTeX Font Info:    ... okay on input line 9.
LaTeX Font Info:    Checking defaults for C33/song/m/n on input line 9.
LaTeX Font Info:    ... okay on input line 9.
LaTeX Font Info:    Checking defaults for C34/song/m/n on input line 9.
LaTeX Font Info:    ... okay on input line 9.
LaTeX Font Info:    Checking defaults for C35/song/m/n on input line 9.
LaTeX Font Info:    ... okay on input line 9.
LaTeX Font Info:    Checking defaults for C36/song/m/n on input line 9.
LaTeX Font Info:    ... okay on input line 9.
LaTeX Font Info:    Checking defaults for C37/song/m/n on input line 9.
LaTeX Font Info:    ... okay on input line 9.
LaTeX Font Info:    Checking defaults for C80/song/m/n on input line 9.
LaTeX Font Info:    ... okay on input line 9.
LaTeX Font Info:    Checking defaults for C81/song/m/n on input line 9.
LaTeX Font Info:    ... okay on input line 9.
LaTeX Font Info:    Checking defaults for C01/song/m/n on input line 9.
LaTeX Font Info:    ... okay on input line 9.
LaTeX Font Info:    Checking defaults for C11/song/m/n on input line 9.
LaTeX Font Info:    ... okay on input line 9.
LaTeX Font Info:    Checking defaults for C21/song/m/n on input line 9.
LaTeX Font Info:    ... okay on input line 9.
LaTeX Font Info:    Checking defaults for C41/song/m/n on input line 9.
LaTeX Font Info:    ... okay on input line 9.
LaTeX Font Info:    Checking defaults for C62/song/m/n on input line 9.
LaTeX Font Info:    ... okay on input line 9.
LaTeX Font Info:    Checking defaults for PD1/pdf/m/n on input line 9.
LaTeX Font Info:    ... okay on input line 9.
LaTeX Font Info:    Try loading font information for T1+ptm on input line 9.
 (C:\CTEX\MiKTeX\tex\latex\psnfss\t1ptm.fd
File: t1ptm.fd 2001/06/04 font definitions for T1/ptm.
)<<t1.cmap>>
(C:\CTEX\MiKTeX\tex\context\base\supp-pdf.mkii
[Loading MPS to PDF converter (version 2006.09.02).]
\scratchcounter=\count302
\scratchdimen=\dimen257
\scratchbox=\box47
\nofMPsegments=\count303
\nofMParguments=\count304
\everyMPshowfont=\toks28
\MPscratchCnt=\count305
\MPscratchDim=\dimen258
\MPnumerator=\count306
\makeMPintoPDFobject=\count307
\everyMPtoPDFconversion=\toks29
)
\c@lstlisting=\count308

*geometry* driver: auto-detecting
*geometry* detected driver: pdftex
*geometry* verbose mode - [ preamble ] result:
* driver: pdftex
* paper: <default>
* layout: <same size as paper>
* layoutoffset:(h,v)=(0.0pt,0.0pt)
* modes: twoside 
* h-part:(L,W,R)=(76.82234pt, 460.65031pt, 76.82234pt)
* v-part:(T,H,B)=(105.2751pt, 601.49118pt, 88.2037pt)
* \paperwidth=614.295pt
* \paperheight=794.96999pt
* \textwidth=460.65031pt
* \textheight=601.49118pt
* \oddsidemargin=4.55235pt
* \evensidemargin=4.55235pt
* \topmargin=-15.32143pt
* \headheight=28.45274pt
* \headsep=19.8738pt
* \topskip=12.0pt
* \footskip=36.98866pt
* \marginparwidth=98.0pt
* \marginparsep=7.0pt
* \columnsep=10.0pt
* \skip\footins=10.8pt plus 4.0pt minus 2.0pt
* \hoffset=0.0pt
* \voffset=0.0pt
* \mag=1000
* \@twocolumnfalse
* \@twosidetrue
* \@mparswitchtrue
* \@reversemarginfalse
* (1in=72.27pt=25.4mm, 1cm=28.453pt)

Package caption Info: Begin \AtBeginDocument code.
Package caption Info: hyperref package is loaded.
Package caption Info: End \AtBeginDocument code.
\AtBeginShipoutBox=\box48
Package hyperref Info: Link coloring ON on input line 9.
(C:\CTEX\MiKTeX\tex\latex\hyperref\nameref.sty
Package: nameref 2010/04/30 v2.40 Cross-referencing by name of section

(C:\CTEX\MiKTeX\tex\generic\oberdiek\gettitlestring.sty
Package: gettitlestring 2010/12/03 v1.4 Cleanup title references (HO)
)
\c@section@level=\count309
LaTeX Info: Redefining \Ref on input line 498.
)
LaTeX Info: Redefining \ref on input line 9.
LaTeX Info: Redefining \pageref on input line 9.
LaTeX Info: Redefining \nameref on input line 9.

("D:\Shan_5\shan_5\Graduation project\BIT_thesis\Draft\Version1.0\Thesis_of_sha
wnu_WANG.out")
("D:\Shan_5\shan_5\Graduation project\BIT_thesis\Draft\Version1.0\Thesis_of_sha
wnu_WANG.out")
\@outlinefile=\write3
LaTeX Info: Redefining \Ref on input line 9.
 (C:\CTEX\MiKTeX\tex\latex\cjk\standard.bdg
File: standard.bdg 2008/12/29 4.8.2
)
(C:\CTEX\MiKTeX\tex\latex\cjk\extended.enc
File: extended.enc 2008/12/29 4.8.2
)
(C:\CTEX\MiKTeX\tex\latex\cjk\extended.chr
File: extended.chr 2008/12/29 4.8.2
)
("D:\Shan_5\shan_5\Graduation project\BIT_thesis\Draft\Version1.0\chapter/chap-
firstpage.tex"
Underfull \hbox (badness 10000) in paragraph at lines 7--15

 []


Underfull \hbox (badness 10000) in paragraph at lines 7--15

 []


Underfull \hbox (badness 10000) in paragraph at lines 7--15

 []


Underfull \hbox (badness 10000) in paragraph at lines 7--15

 []


Underfull \hbox (badness 10000) in paragraph at lines 7--15

 []


Underfull \hbox (badness 10000) in paragraph at lines 7--15

 []


Underfull \hbox (badness 10000) in paragraph at lines 7--15

 []


Underfull \hbox (badness 10000) in paragraph at lines 7--15

 []

LaTeX Font Info:    Try loading font information for C19+zhhei on input line 17
.
(C:\CTEX\MiKTeX\tex\latex\zhmetrics\c19zhhei.fd
File: c19zhhei.fd 2009/09/23 4.8.2
)<<c1965.cmap>><<c1940.cmap>><<c1942.cmap>><<c1964.cmap>><<c1945.cmap>><<c1955.
cmap>><<c1959.cmap>><<c1957.cmap>><<c1960.cmap>><<c1944.cmap>><<c1943.cmap>><<c
1951.cmap>><<c1947.cmap>><<c1962.cmap>>
LaTeX Font Info:    Try loading font information for C19+zhsong on input line 2
4.
 (C:\CTEX\MiKTeX\tex\latex\zhmetrics\c19zhsong.fd
File: c19zhsong.fd 2009/09/23 4.8.2
)<<c1963.cmap>>
[1



])
("D:\Shan_5\shan_5\Graduation project\BIT_thesis\Draft\Version1.0\chapter/chap-
cover.tex" [2

]
LaTeX Font Info:    Try loading font information for C19+rm on input line 7.
 (C:\CTEX\MiKTeX\tex\latex\ctex\fd\c19rm.fd
File: c19rm.fd 2007/05/06 v0.8a ctex font definition file
)<<c1941.cmap>><<c1948.cmap>>
Underfull \hbox (badness 10000) in paragraph at lines 6--13

 []


Underfull \hbox (badness 10000) in paragraph at lines 6--13

 []


Underfull \hbox (badness 10000) in paragraph at lines 6--13

 []

LaTeX Font Info:    Try loading font information for OT1+ztmcm on input line 16
.
(C:\CTEX\MiKTeX\tex\latex\psnfss\ot1ztmcm.fd
File: ot1ztmcm.fd 2000/01/03 Fontinst v1.801 font definitions for OT1/ztmcm.
)<<ot1.cmap>>
LaTeX Font Info:    Try loading font information for OML+ztmcm on input line 16
.

(C:\CTEX\MiKTeX\tex\latex\psnfss\omlztmcm.fd
File: omlztmcm.fd 2000/01/03 Fontinst v1.801 font definitions for OML/ztmcm.
)<<oml.cmap>>
LaTeX Font Info:    Try loading font information for OMS+ztmcm on input line 16
.

(C:\CTEX\MiKTeX\tex\latex\psnfss\omsztmcm.fd
File: omsztmcm.fd 2000/01/03 Fontinst v1.801 font definitions for OMS/ztmcm.
)<<oms.cmap>>
LaTeX Font Info:    Try loading font information for OMX+ztmcm on input line 16
.

(C:\CTEX\MiKTeX\tex\latex\psnfss\omxztmcm.fd
File: omxztmcm.fd 2000/01/03 Fontinst v1.801 font definitions for OMX/ztmcm.
)<<omx.cmap>>
LaTeX Font Info:    Try loading font information for OT1+ptm on input line 16.

(C:\CTEX\MiKTeX\tex\latex\psnfss\ot1ptm.fd
File: ot1ptm.fd 2001/06/04 font definitions for OT1/ptm.
)
LaTeX Font Info:    Font shape `OT1/ptm/bx/n' in size <12> not available
(Font)              Font shape `OT1/ptm/b/n' tried instead on input line 16.
LaTeX Font Info:    Font shape `OT1/ptm/bx/n' in size <9> not available
(Font)              Font shape `OT1/ptm/b/n' tried instead on input line 16.
LaTeX Font Info:    Font shape `OT1/ptm/bx/n' in size <7> not available
(Font)              Font shape `OT1/ptm/b/n' tried instead on input line 16.


LaTeX Warning: File u.cmap not found on input line 16.

LaTeX Font Info:    Try loading font information for U+rsfs on input line 16.
(C:\CTEX\MiKTeX\tex\latex\jknappen\ursfs.fd
File: ursfs.fd 1998/03/24 rsfs font definition file (jk)
)
LaTeX Font Info:    Font shape `T1/ptm/bx/n' in size <12> not available
(Font)              Font shape `T1/ptm/b/n' tried instead on input line 16.
LaTeX Font Info:    Font shape `T1/ptm/bx/n' in size <20.74> not available
(Font)              Font shape `T1/ptm/b/n' tried instead on input line 16.

Underfull \hbox (badness 10000) in paragraph at lines 16--17

 []


Underfull \hbox (badness 10000) in paragraph at lines 16--17

 []

LaTeX Font Info:    Font shape `OT1/ptm/bx/n' in size <14.05> not available
(Font)              Font shape `OT1/ptm/b/n' tried instead on input line 24.
LaTeX Font Info:    Font shape `OT1/ptm/bx/n' in size <10.54> not available
(Font)              Font shape `OT1/ptm/b/n' tried instead on input line 24.
LaTeX Font Info:    Font shape `OT1/ptm/bx/n' in size <7.53> not available
(Font)              Font shape `OT1/ptm/b/n' tried instead on input line 24.

LaTeX Font Warning: Font shape `U/rsfs/m/n' in size <10.54> not available
(Font)              size <10.95> substituted on input line 24.


LaTeX Font Warning: Font shape `U/rsfs/m/n' in size <7.53> not available
(Font)              size <8> substituted on input line 24.

<<c1950.cmap>>
LaTeX Font Info:    Font shape `T1/ptm/bx/n' in size <14.05> not available
(Font)              Font shape `T1/ptm/b/n' tried instead on input line 25.
<<c1958.cmap>><<c1954.cmap>><<c1938.cmap>><<c1946.cmap>><<c1949.cmap>><<c1939.c
map>><<c1937.cmap>><<c1956.cmap>><<c1953.cmap>><<c1961.cmap>>
[3]
Underfull \hbox (badness 10000) in paragraph at lines 40--43

 []


Underfull \hbox (badness 10000) in paragraph at lines 40--43

 []


Underfull \hbox (badness 10000) in paragraph at lines 40--43

 []

LaTeX Font Info:    Font shape `T1/ptm/bx/n' in size <14.4> not available
(Font)              Font shape `T1/ptm/b/n' tried instead on input line 44.
)
("D:\Shan_5\shan_5\Graduation project\BIT_thesis\Draft\Version1.0\chapter/chap-
name.tex" [4]
LaTeX Font Info:    Calculating math sizes for size <16> on input line 11.
LaTeX Font Info:    Font shape `OT1/ptm/bx/n' in size <16> not available
(Font)              Font shape `OT1/ptm/b/n' tried instead on input line 11.
LaTeX Font Info:    Font shape `OT1/ptm/bx/n' in size <11.84009> not available
(Font)              Font shape `OT1/ptm/b/n' tried instead on input line 11.
LaTeX Font Info:    Font shape `OT1/ptm/bx/n' in size <9.6001> not available
(Font)              Font shape `OT1/ptm/b/n' tried instead on input line 11.


LaTeX Font Warning: Font shape `U/rsfs/m/n' in size <16> not available
(Font)              size <17.28> substituted on input line 11.

)
("D:\Shan_5\shan_5\Graduation project\BIT_thesis\Draft\Version1.0\chapter/chap-
shengming.tex" [5]
LaTeX Font Info:    Font shape `T1/ptm/bx/n' in size <16> not available
(Font)              Font shape `T1/ptm/b/n' tried instead on input line 6.
<<c1926.cmap>>
Package CJKpunct Info: punctuation spaces for family 'zhsong' do not exist. Use
 family 'def' instead. on input line 9.
<<c1925.cmap>><<c1936.cmap>><<c1952.cmap>>
LaTeX Font Info:    Font shape `T1/ptm/bx/n' in size <42> not available
(Font)              Font shape `T1/ptm/b/n' tried instead on input line 21.
)
("D:\Shan_5\shan_5\Graduation project\BIT_thesis\Draft\Version1.0\chapter/chap-
abstract.tex"

Package hyperref Warning: Token not allowed in a PDF string (PDFDocEncoding):
(hyperref)                removing `\selfontsize' on input line 1.


Package hyperref Warning: Token not allowed in a PDF string (PDFDocEncoding):
(hyperref)                removing `\selfontsize' on input line 1.

[6] [1] [2])
("D:\Shan_5\shan_5\Graduation project\BIT_thesis\Draft\Version1.0\Thesis_of_sha
wnu_WANG.toc" [3

] [4]
Overfull \hbox (170.79608pt too wide) in paragraph at lines 59--59
[]|[][][] 
 []

)
\tf@toc=\write4
 [5] [6


]
("D:\Shan_5\shan_5\Graduation project\BIT_thesis\Draft\Version1.0\chapter/chapt
er1.tex"
µ⁄\hspace {0.25em plus 0.125em minus 0.08em}\ignorespaces 1\hspace {0.25em plus
 0.125em minus 0.08em}\ignorespaces \ignorespaces ’¬
LaTeX Font Info:    Font shape `T1/ptm/bx/n' in size <14> not available
(Font)              Font shape `T1/ptm/b/n' tried instead on input line 4.
LaTeX Font Info:    Font shape `OT1/ptm/bx/n' in size <5> not available
(Font)              Font shape `OT1/ptm/b/n' tried instead on input line 5.
[1


] [2]<<c1929.cmap>>
Underfull \vbox (badness 7326) has occurred while \output is active []

 [3]
<figures/chap1/chap1_Beidou.jpg, id=544, 288.47775pt x 192.72pt>
File: figures/chap1/chap1_Beidou.jpg Graphic file (type jpg)

<use figures/chap1/chap1_Beidou.jpg>
Package pdftex.def Info: figures/chap1/chap1_Beidou.jpg used on input line 37.
(pdftex.def)             Requested size: 230.32515pt x 153.8733pt.

Overfull \hbox (29.02843pt too wide) in paragraph at lines 50--63
 [][] 
 []

[4 <D:/Shan_5/shan_5/Graduation project/BIT_thesis/Draft/Version1.0/figures/cha
p1/chap1_Beidou.jpg>]
<figures/chap1/chap1_Nav440.png, id=559, 202.356pt x 192.72pt>
File: figures/chap1/chap1_Nav440.png Graphic file (type png)

<use figures/chap1/chap1_Nav440.png>
Package pdftex.def Info: figures/chap1/chap1_Nav440.png used on input line 73.
(pdftex.def)             Requested size: 184.25731pt x 175.49309pt.
 [5] [6 <D:/Shan_5/shan_5/Graduation project/BIT_thesis/Draft/Version1.0/figure
s/chap1/chap1_Nav440.png>]
<figures/chap1/chap1_XW-GI5610.jpg, id=579, 176.733pt x 125.1585pt>
File: figures/chap1/chap1_XW-GI5610.jpg Graphic file (type jpg)

<use figures/chap1/chap1_XW-GI5610.jpg>
Package pdftex.def Info: figures/chap1/chap1_XW-GI5610.jpg used on input line 8
7.
(pdftex.def)             Requested size: 184.25731pt x 130.49596pt.
 [7 <D:/Shan_5/shan_5/Graduation project/BIT_thesis/Draft/Version1.0/figures/ch
ap1/chap1_XW-GI5610.jpg>]) [8]
("D:\Shan_5\shan_5\Graduation project\BIT_thesis\Draft\Version1.0\chapter/chapt
er2.tex"
µ⁄\hspace {0.25em plus 0.125em minus 0.08em}\ignorespaces 2\hspace {0.25em plus
 0.125em minus 0.08em}\ignorespaces \ignorespaces ’¬

LaTeX Warning: File t154.cmap not found on input line 20.

[9



] <figures/chap2/chap2_coordinate.jpg, id=607, 421.575pt x 333.6465pt>
File: figures/chap2/chap2_coordinate.jpg Graphic file (type jpg)

<use figures/chap2/chap2_coordinate.jpg>
Package pdftex.def Info: figures/chap2/chap2_coordinate.jpg used on input line 
23.
(pdftex.def)             Requested size: 184.25731pt x 145.82742pt.

<figures/chap2/chap2_body.png, id=609, 449.42906pt x 356.0803pt>
File: figures/chap2/chap2_body.png Graphic file (type png)

<use figures/chap2/chap2_body.png>
Package pdftex.def Info: figures/chap2/chap2_body.png used on input line 36.
(pdftex.def)             Requested size: 184.25731pt x 145.983pt.
 [10 <D:/Shan_5/shan_5/Graduation project/BIT_thesis/Draft/Version1.0/figures/c
hap2/chap2_coordinate.jpg> <D:/Shan_5/shan_5/Graduation project/BIT_thesis/Draf
t/Version1.0/figures/chap2/chap2_body.png>]
Overfull \hbox (0.56659pt too wide) in paragraph at lines 92--92
[] 
 []

[11] [12]
LaTeX Font Info:    Font shape `OT1/ptm/bx/n' in size <10.95> not available
(Font)              Font shape `OT1/ptm/b/n' tried instead on input line 229.
LaTeX Font Info:    Font shape `OT1/ptm/bx/n' in size <8> not available
(Font)              Font shape `OT1/ptm/b/n' tried instead on input line 229.
LaTeX Font Info:    Font shape `OT1/ptm/bx/n' in size <6> not available
(Font)              Font shape `OT1/ptm/b/n' tried instead on input line 229.


LaTeX Warning: `!h' float specifier changed to `!ht'.

[13] [14] <figures/chap2/chap2_rotate.png, id=666, 190.311pt x 167.4255pt>
File: figures/chap2/chap2_rotate.png Graphic file (type png)

<use figures/chap2/chap2_rotate.png>
Package pdftex.def Info: figures/chap2/chap2_rotate.png used on input line 293.

(pdftex.def)             Requested size: 184.25731pt x 162.11128pt.
 [15]<<c1978.cmap>>
Overfull \hbox (5.83075pt too wide) in paragraph at lines 366--366
[] 
 []

[16 <D:/Shan_5/shan_5/Graduation project/BIT_thesis/Draft/Version1.0/figures/ch
ap2/chap2_rotate.png>]

Package mathptmx Warning: There are no bold math fonts on input line 372.

[17] [18]
Missing character: There is no ß in font zptmcm7t!
 [19]<<c1975.cmap>> [20]
<figures/chap2/chap2_loose.png, id=762, 453.8556pt x 130.8087pt>
File: figures/chap2/chap2_loose.png Graphic file (type png)

<use figures/chap2/chap2_loose.png>
Package pdftex.def Info: figures/chap2/chap2_loose.png used on input line 581.
(pdftex.def)             Requested size: 345.48773pt x 99.5773pt.

Overfull \hbox (5.9591pt too wide) in paragraph at lines 587--588
[]\C19/zhsong/m/n/12/56 t \C19/zhsong/m/n/12/65 | \C19/zhsong/m/n/12/43 ‹ \C19/
zhsong/m/n/12/46 ( \C19/zhsong/m/n/12/43  \C19/zhsong/m/n/12/54 X \C19/zhsong/
m/n/12/57 „[][]\T1/ptm/m/n/12 2.4[][]|\C19/rm/m/n/12/26 ß| \C19/zhsong/m/n/12/5
5 ¥ \C19/zhsong/m/n/12/61 ò \C19/zhsong/m/n/12/64 ´ \C19/zhsong/m/n/12/45 { \C1
9/zhsong/m/n/12/39 ¸ \C19/zhsong/m/n/12/64 Ü \C19/zhsong/m/n/12/43 * \C19/zhson
g/m/n/12/46  \C19/zhsong/m/n/12/58 è \C19/zhsong/m/n/12/44 ƒ \C19/zhsong/m/n/1
2/39 : \C19/zhsong/m/n/12/40  \C19/zhsong/m/n/12/65 | \C19/zhsong/m/n/12/43 ‹ 
\C19/zhsong/m/n/12/41 ê \C19/zhsong/m/n/12/55 ™$[]$|\C19/rm/m/n/12/26 ß| \C19/z
hsong/m/n/12/63 3\T1/ptm/m/n/12 MEMS\C19/zhsong/m/n/12/43 . \C19/zhsong/m/n/12/
40 \T1/ptm/m/n/12 /GNSS\C19/zhsong/m/n/12/56 t
 []

[21 <D:/Shan_5/shan_5/Graduation project/BIT_thesis/Draft/Version1.0/figures/ch
ap2/chap2_loose.png>]
<figures/chap2/chap2_tight.png, id=775, 493.6041pt x 174.53204pt>
File: figures/chap2/chap2_tight.png Graphic file (type png)

<use figures/chap2/chap2_tight.png>
Package pdftex.def Info: figures/chap2/chap2_tight.png used on input line 594.
(pdftex.def)             Requested size: 345.48773pt x 122.16093pt.
<<c1984.cmap>> [22 <D:/Shan_5/shan_5/Graduation project/BIT_thesis/Draft/Versio
n1.0/figures/chap2/chap2_tight.png>]
<figures/chap2/chap2_interval.png, id=788, 496.254pt x 132.495pt>
File: figures/chap2/chap2_interval.png Graphic file (type png)

<use figures/chap2/chap2_interval.png>
Package pdftex.def Info: figures/chap2/chap2_interval.png used on input line 61
9.
(pdftex.def)             Requested size: 304.03088pt x 81.1736pt.
 [23 <D:/Shan_5/shan_5/Graduation project/BIT_thesis/Draft/Version1.0/figures/c
hap2/chap2_interval.png>]
<figures/chap2/chap2_Allan.jpg, id=806, 621.522pt x 327.624pt>
File: figures/chap2/chap2_Allan.jpg Graphic file (type jpg)

<use figures/chap2/chap2_Allan.jpg>
Package pdftex.def Info: figures/chap2/chap2_Allan.jpg used on input line 645.
(pdftex.def)             Requested size: 276.39299pt x 145.69972pt.
 [24 <D:/Shan_5/shan_5/Graduation project/BIT_thesis/Draft/Version1.0/figures/c
hap2/chap2_Allan.jpg>]
<figures/chap2/chap2_Gyro.jpg, id=819, 590.205pt x 433.62pt>
File: figures/chap2/chap2_Gyro.jpg Graphic file (type jpg)

<use figures/chap2/chap2_Gyro.jpg>
Package pdftex.def Info: figures/chap2/chap2_Gyro.jpg used on input line 675.
(pdftex.def)             Requested size: 276.39299pt x 203.06699pt.

<figures/chap2/chap2_Acc.jpg, id=820, 614.295pt x 450.483pt>
File: figures/chap2/chap2_Acc.jpg Graphic file (type jpg)

<use figures/chap2/chap2_Acc.jpg>
Package pdftex.def Info: figures/chap2/chap2_Acc.jpg used on input line 683.
(pdftex.def)             Requested size: 276.39299pt x 202.68797pt.
 [25 <D:/Shan_5/shan_5/Graduation project/BIT_thesis/Draft/Version1.0/figures/c
hap2/chap2_Gyro.jpg> <D:/Shan_5/shan_5/Graduation project/BIT_thesis/Draft/Vers
ion1.0/figures/chap2/chap2_Acc.jpg>] [26]
<figures/chap3/chap3_Principle.jpg, id=838, 523.9575pt x 289.08pt>
File: figures/chap3/chap3_Principle.jpg Graphic file (type jpg)

<use figures/chap3/chap3_Principle.jpg>
Package pdftex.def Info: figures/chap3/chap3_Principle.jpg used on input line 7
29.
(pdftex.def)             Requested size: 437.61638pt x 241.4493pt.


LaTeX Warning: File t137.cmap not found on input line 747.

[27 <D:/Shan_5/shan_5/Graduation project/BIT_thesis/Draft/Version1.0/figures/ch
ap3/chap3_Principle.jpg>]) [28]
("D:\Shan_5\shan_5\Graduation project\BIT_thesis\Draft\Version1.0\chapter/chapt
er3.tex"
µ⁄\hspace {0.25em plus 0.125em minus 0.08em}\ignorespaces 3\hspace {0.25em plus
 0.125em minus 0.08em}\ignorespaces \ignorespaces ’¬
<figures/chap3/chap3_process.png, id=848, 195.129pt x 233.673pt>
File: figures/chap3/chap3_process.png Graphic file (type png)

<use figures/chap3/chap3_process.png>
Package pdftex.def Info: figures/chap3/chap3_process.png used on input line 6.
(pdftex.def)             Requested size: 230.32515pt x 275.82445pt.
 [29



 <D:/Shan_5/shan_5/Graduation project/BIT_thesis/Draft/Version1.0/figures/chap3
/chap3_process.png>]
<figures/chap3/chap3_frame.jpg, id=856, 834.7185pt x 461.92575pt>
File: figures/chap3/chap3_frame.jpg Graphic file (type jpg)

<use figures/chap3/chap3_frame.jpg>
Package pdftex.def Info: figures/chap3/chap3_frame.jpg used on input line 30.
(pdftex.def)             Requested size: 414.58246pt x 229.4328pt.

<figures/chap3/chap3_stm32.png, id=857, 298.716pt x 234.8775pt>
File: figures/chap3/chap3_stm32.png Graphic file (type png)

<use figures/chap3/chap3_stm32.png>
Package pdftex.def Info: figures/chap3/chap3_stm32.png used on input line 40.
(pdftex.def)             Requested size: 92.12865pt x 72.43854pt.

Underfull \vbox (badness 10000) has occurred while \output is active []

 [30]
[31 <D:/Shan_5/shan_5/Graduation project/BIT_thesis/Draft/Version1.0/figures/ch
ap3/chap3_frame.jpg> <D:/Shan_5/shan_5/Graduation project/BIT_thesis/Draft/Vers
ion1.0/figures/chap3/chap3_stm32.png>]
LaTeX Font Info:    Try loading font information for OMS+ptm on input line 59.

(C:\CTEX\MiKTeX\tex\latex\psnfss\omsptm.fd
File: omsptm.fd 
)
LaTeX Font Info:    Font shape `OMS/ptm/m/n' in size <12> not available
(Font)              Font shape `OMS/cmsy/m/n' tried instead on input line 59.

<figures/chap3/chap3_BMI.png, id=874, 323.70938pt x 216.05719pt>
File: figures/chap3/chap3_BMI.png Graphic file (type png)

<use figures/chap3/chap3_BMI.png>
Package pdftex.def Info: figures/chap3/chap3_BMI.png used on input line 74.
(pdftex.def)             Requested size: 92.12865pt x 61.49121pt.

Overfull \hbox (9.0192pt too wide) in paragraph at lines 82--83
[]\T1/ptm/m/n/12 (2)\C19/zhsong/m/n/12/46 ‰ \C19/zhsong/m/n/12/62 k$\OT1/ztmcm/
m/n/12 263\OML/ztmcm/m/it/12 LSBs[]=s$\C19/rm/m/n/12/50 Ø \C19/zhsong/m/n/12/42
 a \C19/zhsong/m/n/12/40 › \C19/zhsong/m/n/12/62 Ü \C19/zhsong/m/n/12/54  \C19
/zhsong/m/n/12/42 Ç a \C19/zhsong/m/n/12/37 ˇ \C19/zhsong/m/n/12/41 â \C19/zhso
ng/m/n/12/58 å è$\OMS/ztmcm/m/n/12 \OT1/ztmcm/m/n/12 125[]\OML/ztmcm/m/it/12 =
s$|\C19/rm/m/n/12/25 !| $\OMS/ztmcm/m/n/12 \OT1/ztmcm/m/n/12 250[]\OML/ztmcm/m
/it/12 =s$|\C19/rm/m/n/12/25 !| $\OMS/ztmcm/m/n/12 \OT1/ztmcm/m/n/12 500[]\OML
/ztmcm/m/it/12 =s$|\C19/rm/m/n/12/25 !| $\OMS/ztmcm/m/n/12 \OT1/ztmcm/m/n/12 1
000[]\OML/ztmcm/m/it/12 =s$|\C19/rm/m/n/12/25 !|
 []

[32] <figures/chap3/chap3_NEO.png, id=882, 319.1925pt x 236.38312pt>
File: figures/chap3/chap3_NEO.png Graphic file (type png)

<use figures/chap3/chap3_NEO.png>
Package pdftex.def Info: figures/chap3/chap3_NEO.png used on input line 116.
(pdftex.def)             Requested size: 92.12865pt x 68.22472pt.
 [33 <D:/Shan_5/shan_5/Graduation project/BIT_thesis/Draft/Version1.0/figures/c
hap3/chap3_BMI.png> <D:/Shan_5/shan_5/Graduation project/BIT_thesis/Draft/Versi
on1.0/figures/chap3/chap3_NEO.png>] [34]
<figures/chap3/chap3_Arm.png, id=896, 484.05844pt x 424.58624pt>
File: figures/chap3/chap3_Arm.png Graphic file (type png)

<use figures/chap3/chap3_Arm.png>
Package pdftex.def Info: figures/chap3/chap3_Arm.png used on input line 161.
(pdftex.def)             Requested size: 322.45381pt x 282.85164pt.

<figures/chap3/chap3_RST.png, id=899, 289.83281pt x 301.8778pt>
File: figures/chap3/chap3_RST.png Graphic file (type png)

<use figures/chap3/chap3_RST.png>
Package pdftex.def Info: figures/chap3/chap3_RST.png used on input line 172.
(pdftex.def)             Requested size: 138.19649pt x 143.94159pt.
 [35

 <D:/Shan_5/shan_5/Graduation project/BIT_thesis/Draft/Version1.0/figures/chap3
/chap3_Arm.png>]
<figures/chap3/chap3_Power.png, id=910, 314.97675pt x 428.802pt>
File: figures/chap3/chap3_Power.png Graphic file (type png)

<use figures/chap3/chap3_Power.png>
Package pdftex.def Info: figures/chap3/chap3_Power.png used on input line 217.
(pdftex.def)             Requested size: 230.32515pt x 313.56592pt.
 [36 <D:/Shan_5/shan_5/Graduation project/BIT_thesis/Draft/Version1.0/figures/c
hap3/chap3_RST.png>]
<figures/chap3/chap3_Bmi160.png, id=918, 409.53pt x 316.93407pt>
File: figures/chap3/chap3_Bmi160.png Graphic file (type png)

<use figures/chap3/chap3_Bmi160.png>
Package pdftex.def Info: figures/chap3/chap3_Bmi160.png used on input line 226.

(pdftex.def)             Requested size: 276.39299pt x 213.91159pt.

<figures/chap3/chap3_spi.png, id=920, 501.072pt x 237.2865pt>
File: figures/chap3/chap3_spi.png Graphic file (type png)

<use figures/chap3/chap3_spi.png>
Package pdftex.def Info: figures/chap3/chap3_spi.png used on input line 235.
(pdftex.def)             Requested size: 276.39299pt x 130.88814pt.
 [37 <D:/Shan_5/shan_5/Graduation project/BIT_thesis/Draft/Version1.0/figures/c
hap3/chap3_Power.png>] [38 <D:/Shan_5/shan_5/Graduation project/BIT_thesis/Draf
t/Version1.0/figures/chap3/chap3_Bmi160.png> <D:/Shan_5/shan_5/Graduation proje
ct/BIT_thesis/Draft/Version1.0/figures/chap3/chap3_spi.png>]
<figures/chap3/chap3_SDIO.png, id=938, 572.89032pt x 325.96782pt>
File: figures/chap3/chap3_SDIO.png Graphic file (type png)

<use figures/chap3/chap3_SDIO.png>
Package pdftex.def Info: figures/chap3/chap3_SDIO.png used on input line 272.
(pdftex.def)             Requested size: 276.39299pt x 157.26355pt.

<figures/chap3/chap3_m8n.png, id=939, 517.18219pt x 239.39438pt>
File: figures/chap3/chap3_m8n.png Graphic file (type png)

<use figures/chap3/chap3_m8n.png>
Package pdftex.def Info: figures/chap3/chap3_m8n.png used on input line 281.
(pdftex.def)             Requested size: 345.48773pt x 159.92583pt.
 [39 <D:/Shan_5/shan_5/Graduation project/BIT_thesis/Draft/Version1.0/figures/c
hap3/chap3_SDIO.png>]
<figures/chap3/chap3_usb.png, id=947, 514.17094pt x 214.55156pt>
File: figures/chap3/chap3_usb.png Graphic file (type png)

<use figures/chap3/chap3_usb.png>
Package pdftex.def Info: figures/chap3/chap3_usb.png used on input line 305.
(pdftex.def)             Requested size: 253.35907pt x 105.72046pt.

<figures/chap3/chap3_usbpc.png, id=950, 163.812pt x 131.89275pt>
File: figures/chap3/chap3_usbpc.png Graphic file (type png)

<use figures/chap3/chap3_usbpc.png>
Package pdftex.def Info: figures/chap3/chap3_usbpc.png used on input line 315.
(pdftex.def)             Requested size: 213.41298pt x 128.03844pt.

Overfull \hbox (52.18257pt too wide) in paragraph at lines 315--316
 [][] 
 []

<figures/chap3/chap3_disk.png, id=951, 268.75406pt x 94.85437pt>
File: figures/chap3/chap3_disk.png Graphic file (type png)

<use figures/chap3/chap3_disk.png>
Package pdftex.def Info: figures/chap3/chap3_disk.png used on input line 322.
(pdftex.def)             Requested size: 213.396pt x 71.13335pt.
 [40 <D:/Shan_5/shan_5/Graduation project/BIT_thesis/Draft/Version1.0/figures/c
hap3/chap3_m8n.png> <D:/Shan_5/shan_5/Graduation project/BIT_thesis/Draft/Versi
on1.0/figures/chap3/chap3_usb.png>] [41 <D:/Shan_5/shan_5/Graduation project/BI
T_thesis/Draft/Version1.0/figures/chap3/chap3_usbpc.png> <D:/Shan_5/shan_5/Grad
uation project/BIT_thesis/Draft/Version1.0/figures/chap3/chap3_disk.png>]
<figures/chap3/chap3_pcb.png, id=970, 555.2745pt x 477.58424pt>
File: figures/chap3/chap3_pcb.png Graphic file (type png)

<use figures/chap3/chap3_pcb.png>
Package pdftex.def Info: figures/chap3/chap3_pcb.png used on input line 348.
(pdftex.def)             Requested size: 128.03241pt x 128.03854pt.

<figures/chap3/chap3_hardware.png, id=971, 2244.385pt x 1971.365pt>
File: figures/chap3/chap3_hardware.png Graphic file (type png)

<use figures/chap3/chap3_hardware.png>
Package pdftex.def Info: figures/chap3/chap3_hardware.png used on input line 35
5.
(pdftex.def)             Requested size: 128.01346pt x 128.0229pt.
) [42 <D:/Shan_5/shan_5/Graduation project/BIT_thesis/Draft/Version1.0/figures/
chap3/chap3_pcb.png> <D:/Shan_5/shan_5/Graduation project/BIT_thesis/Draft/Vers
ion1.0/figures/chap3/chap3_hardware.png>]
("D:\Shan_5\shan_5\Graduation project\BIT_thesis\Draft\Version1.0\chapter/chapt
er4.tex"
µ⁄\hspace {0.25em plus 0.125em minus 0.08em}\ignorespaces 4\hspace {0.25em plus
 0.125em minus 0.08em}\ignorespaces \ignorespaces ’¬
[43



] [44] [45] [46] [47] [48]
Underfull \vbox (badness 10000) has occurred while \output is active []

 [49]
[50] <figures/chap4/chap4_software.png, id=1080, 357.7365pt x 624.53325pt>
File: figures/chap4/chap4_software.png Graphic file (type png)

<use figures/chap4/chap4_software.png>
Package pdftex.def Info: figures/chap4/chap4_software.png used on input line 43
9.
(pdftex.def)             Requested size: 299.41989pt x 522.74608pt.
 [51]
Overfull \hbox (3.03745pt too wide) in paragraph at lines 460--464
[]\T1/ptm/m/n/12 int    sen-sor [MAX_DR_NUM_SNSR ];   $\OML/ztmcm/m/it/12 = \OM
S/ztmcm/m/n/12  \OT1/ztmcm/m/n/12 3 \OML/ztmcm/m/it/12 gyro deg=s;   \OT1/ztmc
m/m/n/12 3 \OML/ztmcm/m/it/12 accel m=s[]; scaled by \OT1/ztmcm/m/n/12 1000; \O
MS/ztmcm/m/n/12 \OML/ztmcm/m/it/12 =$ 
 []

[52]
Underfull \vbox (badness 10000) has occurred while \output is active []



LaTeX Warning: File t138.cmap not found on input line 469.

[53 <D:/Shan_5/shan_5/Graduation project/BIT_thesis/Draft/Version1.0/figures/ch
ap4/chap4_software.png>]
Overfull \hbox (8.36266pt too wide) in paragraph at lines 474--475
[]\C19/zhsong/m/n/12/57 œ \C19/zhsong/m/n/12/43 L º \C19/zhsong/m/n/12/55 Í$\OM
L/ztmcm/m/it/12 voidReceive[]GpsData[]byte\OT1/ztmcm/m/n/12 (\OML/ztmcm/m/it/12
 unsignedchar \OMS/ztmcm/m/n/12  \OML/ztmcm/m/it/12 data\OT1/ztmcm/m/n/12 )$\C
19/zhsong/m/n/12/46  \C19/zhsong/m/n/12/55 ¬ \C19/zhsong/m/n/12/58 • \C19/zhso
ng/m/n/12/60 ( \C19/zhsong/m/n/12/51  \C19/zhsong/m/n/12/47 ¨ \C19/zhsong/m/n/
12/40 \T1/ptm/m/n/12 NMEA0183\C19/zhsong/m/n/12/62 ä
 []

[54] <figures/chap4/chap4_Downloader.png, id=1104, 528.47438pt x 263.48438pt>
File: figures/chap4/chap4_Downloader.png Graphic file (type png)

<use figures/chap4/chap4_Downloader.png>
Package pdftex.def Info: figures/chap4/chap4_Downloader.png used on input line 
511.
(pdftex.def)             Requested size: 322.45381pt x 160.76543pt.

<figures/chap4/chap4_flash.png, id=1106, 698.00775pt x 346.896pt>
File: figures/chap4/chap4_flash.png Graphic file (type png)

<use figures/chap4/chap4_flash.png>
Package pdftex.def Info: figures/chap4/chap4_flash.png used on input line 519.
(pdftex.def)             Requested size: 322.45381pt x 160.25162pt.
 [55 <D:/Shan_5/shan_5/Graduation project/BIT_thesis/Draft/Version1.0/figures/c
hap4/chap4_Downloader.png>] [56 <D:/Shan_5/shan_5/Graduation project/BIT_thesis
/Draft/Version1.0/figures/chap4/chap4_flash.png>]) [57]
("D:\Shan_5\shan_5\Graduation project\BIT_thesis\Draft\Version1.0\chapter/chapt
er5.tex" [58



]
µ⁄\hspace {0.25em plus 0.125em minus 0.08em}\ignorespaces 5\hspace {0.25em plus
 0.125em minus 0.08em}\ignorespaces \ignorespaces ’¬
<figures/chap4/chap4_monitor.png, id=1130, 905.18175pt x 521.5485pt>
File: figures/chap4/chap4_monitor.png Graphic file (type png)

<use figures/chap4/chap4_monitor.png>
Package pdftex.def Info: figures/chap4/chap4_monitor.png used on input line 8.
(pdftex.def)             Requested size: 414.58246pt x 238.88065pt.
 [59 <D:/Shan_5/shan_5/Graduation project/BIT_thesis/Draft/Version1.0/figures/c
hap4/chap4_monitor.png>]
<figures/chap4/chap4_pbright.png, id=1137, 489.9906pt x 553.5882pt>
File: figures/chap4/chap4_pbright.png Graphic file (type png)

<use figures/chap4/chap4_pbright.png>
Package pdftex.def Info: figures/chap4/chap4_pbright.png used on input line 28.

(pdftex.def)             Requested size: 368.52165pt x 416.36426pt.
 [60 <D:/Shan_5/shan_5/Graduation project/BIT_thesis/Draft/Version1.0/figures/c
hap4/chap4_pbright.png>]
<figures/chap5/chap5_platform.jpg, id=1145, 272.81924pt x 184.89075pt>
File: figures/chap5/chap5_platform.jpg Graphic file (type jpg)

<use figures/chap5/chap5_platform.jpg>
Package pdftex.def Info: figures/chap5/chap5_platform.jpg used on input line 42
.
(pdftex.def)             Requested size: 213.3976pt x 142.2732pt.

Overfull \hbox (52.16719pt too wide) in paragraph at lines 42--43
 [][] 
 []

<figures/chap5/chap5_experiment.jpg, id=1146, 407.121pt x 552.8655pt>
File: figures/chap5/chap5_experiment.jpg Graphic file (type jpg)

<use figures/chap5/chap5_experiment.jpg>
Package pdftex.def Info: figures/chap5/chap5_experiment.jpg used on input line 
49.
(pdftex.def)             Requested size: 128.03879pt x 170.71164pt.

<figures/chap5/chap5_Trajectory3.png, id=1153, 620.91975pt x 524.55975pt>
File: figures/chap5/chap5_Trajectory3.png Graphic file (type png)

<use figures/chap5/chap5_Trajectory3.png>
Package pdftex.def Info: figures/chap5/chap5_Trajectory3.png used on input line
 63.
(pdftex.def)             Requested size: 253.35907pt x 214.03835pt.
 [61 <D:/Shan_5/shan_5/Graduation project/BIT_thesis/Draft/Version1.0/figures/c
hap5/chap5_platform.jpg> <D:/Shan_5/shan_5/Graduation project/BIT_thesis/Draft/
Version1.0/figures/chap5/chap5_experiment.jpg>]
<figures/chap5/chap5_pbright.png, id=1162, 301.72725pt x 241.50224pt>
File: figures/chap5/chap5_pbright.png Graphic file (type png)

<use figures/chap5/chap5_pbright.png>
Package pdftex.def Info: figures/chap5/chap5_pbright.png used on input line 71.

(pdftex.def)             Requested size: 227.62541pt x 199.16809pt.

<figures/chap5/chap5_2D.png, id=1163, 459.96844pt x 352.31625pt>
File: figures/chap5/chap5_2D.png Graphic file (type png)

<use figures/chap5/chap5_2D.png>
Package pdftex.def Info: figures/chap5/chap5_2D.png used on input line 81.
(pdftex.def)             Requested size: 276.39299pt x 211.71393pt.

<figures/chap5/chap5_errPos.png, id=1164, 988.44281pt x 551.81157pt>
File: figures/chap5/chap5_errPos.png Graphic file (type png)

<use figures/chap5/chap5_errPos.png>
Package pdftex.def Info: figures/chap5/chap5_errPos.png used on input line 89.
(pdftex.def)             Requested size: 426.78676pt x 241.84639pt.

Underfull \hbox (badness 10000) in paragraph at lines 94--96

 []


Underfull \hbox (badness 10000) in paragraph at lines 94--96

 []

[62 <D:/Shan_5/shan_5/Graduation project/BIT_thesis/Draft/Version1.0/figures/ch
ap5/chap5_Trajectory3.png> <D:/Shan_5/shan_5/Graduation project/BIT_thesis/Draf
t/Version1.0/figures/chap5/chap5_pbright.png>]
Underfull \vbox (badness 10000) has occurred while \output is active []

 [63 <D:/Shan_5/shan_5/Graduation project/BIT_thesis/Draft/Version1.0/figures/c
hap5/chap5_2D.png> <D:/Shan_5/shan_5/Graduation project/BIT_thesis/Draft/Versio
n1.0/figures/chap5/chap5_errPos.png>]
<figures/chap5/chap5_attitude.png, id=1180, 938.00438pt x 531.48563pt>
File: figures/chap5/chap5_attitude.png Graphic file (type png)

<use figures/chap5/chap5_attitude.png>
Package pdftex.def Info: figures/chap5/chap5_attitude.png used on input line 99
.
(pdftex.def)             Requested size: 398.33887pt x 213.40146pt.

<figures/chap5/chap5_erratt.png, id=1181, 913.16156pt x 535.2497pt>
File: figures/chap5/chap5_erratt.png Graphic file (type png)

<use figures/chap5/chap5_erratt.png>
Package pdftex.def Info: figures/chap5/chap5_erratt.png used on input line 107.

(pdftex.def)             Requested size: 398.33676pt x 213.39369pt.

<figures/chap5/chap5_velocity.png, id=1183, 1167.61218pt x 532.23843pt>
File: figures/chap5/chap5_velocity.png Graphic file (type png)

<use figures/chap5/chap5_velocity.png>
Package pdftex.def Info: figures/chap5/chap5_velocity.png used on input line 11
8.
(pdftex.def)             Requested size: 455.2422pt x 233.30853pt.
 [64 <D:/Shan_5/shan_5/Graduation project/BIT_thesis/Draft/Version1.0/figures/c
hap5/chap5_attitude.png> <D:/Shan_5/shan_5/Graduation project/BIT_thesis/Draft/
Version1.0/figures/chap5/chap5_erratt.png>] <figures/chap5/chap5_errVel.png, id
=1192, 1005.00468pt x 528.47438pt>
File: figures/chap5/chap5_errVel.png Graphic file (type png)

<use figures/chap5/chap5_errVel.png>
Package pdftex.def Info: figures/chap5/chap5_errVel.png used on input line 126.

(pdftex.def)             Requested size: 455.23828pt x 233.31163pt.

Overfull \hbox (4.72484pt too wide) in paragraph at lines 139--149
 [][] 
 []

[65 <D:/Shan_5/shan_5/Graduation project/BIT_thesis/Draft/Version1.0/figures/ch
ap5/chap5_velocity.png> <D:/Shan_5/shan_5/Graduation project/BIT_thesis/Draft/V
ersion1.0/figures/chap5/chap5_errVel.png>]
<figures/chap5/chap5_GNSSInv00.png, id=1205, 180.675pt x 325.215pt>
File: figures/chap5/chap5_GNSSInv00.png Graphic file (type png)

<use figures/chap5/chap5_GNSSInv00.png>
Package pdftex.def Info: figures/chap5/chap5_GNSSInv00.png used on input line 1
66.
(pdftex.def)             Requested size: 128.03752pt x 184.94771pt.

<figures/chap5/chap5_GNSSInv01.png, id=1206, 861.81975pt x 453.49425pt>
File: figures/chap5/chap5_GNSSInv01.png Graphic file (type png)

<use figures/chap5/chap5_GNSSInv01.png>
Package pdftex.def Info: figures/chap5/chap5_GNSSInv01.png used on input line 1
73.
(pdftex.def)             Requested size: 241.84705pt x 142.26326pt.

Overfull \hbox (11.5219pt too wide) in paragraph at lines 173--174
 [][] 
 []

[66 <D:/Shan_5/shan_5/Graduation project/BIT_thesis/Draft/Version1.0/figures/ch
ap5/chap5_GNSSInv00.png> <D:/Shan_5/shan_5/Graduation project/BIT_thesis/Draft/
Version1.0/figures/chap5/chap5_GNSSInv01.png>]
<figures/chap5/chap5_GNSSout.png, id=1216, 453.94594pt x 425.33907pt>
File: figures/chap5/chap5_GNSSout.png Graphic file (type png)

<use figures/chap5/chap5_GNSSout.png>
Package pdftex.def Info: figures/chap5/chap5_GNSSout.png used on input line 183
.
(pdftex.def)             Requested size: 398.3446pt x 312.99364pt.

<figures/chap5/chap5_Yawerr.png, id=1217, 664.73344pt x 215.30438pt>
File: figures/chap5/chap5_Yawerr.png Graphic file (type png)

<use figures/chap5/chap5_Yawerr.png>
Package pdftex.def Info: figures/chap5/chap5_Yawerr.png used on input line 191.

(pdftex.def)             Requested size: 398.34615pt x 170.71936pt.
) [67 <D:/Shan_5/shan_5/Graduation project/BIT_thesis/Draft/Version1.0/figures/
chap5/chap5_GNSSout.png>] [68 <D:/Shan_5/shan_5/Graduation project/BIT_thesis/D
raft/Version1.0/figures/chap5/chap5_Yawerr.png>]
("D:\Shan_5\shan_5\Graduation project\BIT_thesis\Draft\Version1.0\chapter/chapt
er6.tex"
µ⁄\hspace {0.25em plus 0.125em minus 0.08em}\ignorespaces 6\hspace {0.25em plus
 0.125em minus 0.08em}\ignorespaces \ignorespaces ’¬
[69



]) [70]
("D:\Shan_5\shan_5\Graduation project\BIT_thesis\Draft\Version1.0\chapter/chap-
bibs.tex"<<c1982.cmap>><<c1979.cmap>><<c1985.cmap>> [71



]<<c1966.cmap>> [72]<<c1923.cmap>>
Underfull \hbox (badness 1454) in paragraph at lines 119--120
[]\T1/ptm/m/n/12 Hopkins R, Mi-o-la J, Sawyer W. The sil-i-con os-cil-lat-ing a
c-celerom-e-ter: A high-
 []

[73]pdfTeX warning (ext4): destination with the same identifier (name{cite.RSti
rling\(2005\)}) has been already used, duplicate ignored
<to be read again> 
                   \relax 
l.143 \bibitem{RStirling(2005)}
                               <<c1977.cmap>> [74]) [75]
("D:\Shan_5\shan_5\Graduation project\BIT_thesis\Draft\Version1.0\chapter/chap-
pubs.tex" [76



]) [77]
("D:\Shan_5\shan_5\Graduation project\BIT_thesis\Draft\Version1.0\chapter/chap-
ack.tex" [78



]<<c1969.cmap>>) [79]

Package natbib Warning: There were multiply defined citations.

Package atveryend Info: Empty hook `BeforeClearDocument' on input line 49.
Package atveryend Info: Empty hook `AfterLastShipout' on input line 49.

("D:\Shan_5\shan_5\Graduation project\BIT_thesis\Draft\Version1.0\Thesis_of_sha
wnu_WANG.aux"
("D:\Shan_5\shan_5\Graduation project\BIT_thesis\Draft\Version1.0\chapter/chapt
er1.aux")
("D:\Shan_5\shan_5\Graduation project\BIT_thesis\Draft\Version1.0\chapter/chapt
er2.aux")
("D:\Shan_5\shan_5\Graduation project\BIT_thesis\Draft\Version1.0\chapter/chapt
er3.aux")
("D:\Shan_5\shan_5\Graduation project\BIT_thesis\Draft\Version1.0\chapter/chapt
er4.aux")
("D:\Shan_5\shan_5\Graduation project\BIT_thesis\Draft\Version1.0\chapter/chapt
er5.aux")
("D:\Shan_5\shan_5\Graduation project\BIT_thesis\Draft\Version1.0\chapter/chapt
er6.aux")
("D:\Shan_5\shan_5\Graduation project\BIT_thesis\Draft\Version1.0\chapter/chap-
bibs.aux"

Package natbib Warning: Citation(s) may have changed.
(natbib)                Rerun to get citations correct.

)
("D:\Shan_5\shan_5\Graduation project\BIT_thesis\Draft\Version1.0\chapter/chap-
pubs.aux")
("D:\Shan_5\shan_5\Graduation project\BIT_thesis\Draft\Version1.0\chapter/chap-
ack.aux"))
Package atveryend Info: Executing hook `AtVeryEndDocument' on input line 49.
Package atveryend Info: Executing hook `AtEndAfterFileList' on input line 49.


Package rerunfilecheck Warning: File `Thesis_of_shawnu_WANG.out' has changed.
(rerunfilecheck)                Rerun to get outlines right
(rerunfilecheck)                or use package `bookmark'.

Package rerunfilecheck Info: Checksums for `Thesis_of_shawnu_WANG.out':
(rerunfilecheck)             Before: FDAAF563856C1A01C465738A9868D775;9245
(rerunfilecheck)             After:  9B8C8DD6BF96F8121C5DD3C291EA9EA4;4034.

LaTeX Font Warning: Size substitutions with differences
(Font)              up to 1.28pt have occurred.


LaTeX Warning: Label(s) may have changed. Rerun to get cross-references right.

 ) 
Here is how much of TeX's memory you used:
 21536 strings out of 495354
 344500 string characters out of 3183859
 397419 words of memory out of 3000000
 23280 multiletter control sequences out of 15000+200000
 177426 words of font info for 422 fonts, out of 3000000 for 9000
 14 hyphenation exceptions out of 8191
 42i,18n,58p,849b,1485s stack positions out of 5000i,500n,10000p,200000b,50000s
<C:/WINDOWS/Fonts/simsun.ttc><C:/WINDOWS/Fonts/simsun.ttc><C:/WINDOWS/Fonts/s
imsun.ttc><C:/WINDOWS/Fonts/simsun.ttc><C:/WINDOWS/Fonts/simsun.ttc><C:/WINDOWS
/Fonts/simsun.ttc><C:/WINDOWS/Fonts/simsun.ttc><C:/WINDOWS/Fonts/simsun.ttc><C:
/WINDOWS/Fonts/simsun.ttc><C:/WINDOWS/Fonts/simsun.ttc><C:/WINDOWS/Fonts/simhei
.ttf><C:/WINDOWS/Fonts/simhei.ttf><C:/WINDOWS/Fonts/simsun.ttc><C:/WINDOWS/Font
s/simhei.ttf>{C:/CTEX/MiKTeX/fonts/enc/dvips/fontname/8r.enc}<C:/WINDOWS/Fonts/
simsun.ttc><C:/WINDOWS/Fonts/simsun.ttc><C:/WINDOWS/Fonts/simsun.ttc><C:/WINDOW
S/Fonts/simsun.ttc><C:/WINDOWS/Fonts/simsun.ttc><C:/WINDOWS/Fonts/simsun.ttc><C
:/WINDOWS/Fonts/simsun.ttc><C:/WINDOWS/Fonts/simsun.ttc><C:/WINDOWS/Fonts/simsu
n.ttc><C:/WINDOWS/Fonts/simsun.ttc><C:/WINDOWS/Fonts/simsun.ttc><C:/WINDOWS/Fon
ts/simsun.ttc><C:/WINDOWS/Fonts/simsun.ttc><C:/WINDOWS/Fonts/simsun.ttc><C:/WIN
DOWS/Fonts/simsun.ttc><C:/WINDOWS/Fonts/simsun.ttc><C:/WINDOWS/Fonts/simsun.ttc
><C:/WINDOWS/Fonts/simsun.ttc><C:/WINDOWS/Fonts/simsun.ttc><C:/WINDOWS/Fonts/si
msun.ttc><C:/WINDOWS/Fonts/simsun.ttc><C:/WINDOWS/Fonts/simsun.ttc><C:/WINDOWS/
Fonts/simsun.ttc><C:/WINDOWS/Fonts/simsun.ttc><C:/WINDOWS/Fonts/simsun.ttc><C:/
WINDOWS/Fonts/simsun.ttc><C:/WINDOWS/Fonts/simsun.ttc><C:/WINDOWS/Fonts/simhei.
ttf><C:/WINDOWS/Fonts/simhei.ttf><C:/WINDOWS/Fonts/simhei.ttf><C:/WINDOWS/Fonts
/simhei.ttf><C:/WINDOWS/Fonts/simhei.ttf><C:/WINDOWS/Fonts/simhei.ttf><C:/WINDO
WS/Fonts/simhei.ttf><C:/WINDOWS/Fonts/simhei.ttf><C:/WINDOWS/Fonts/simhei.ttf><
C:/WINDOWS/Fonts/simhei.ttf><C:/WINDOWS/Fonts/simhei.ttf><C:/WINDOWS/Fonts/simh
ei.ttf><C:/WINDOWS/Fonts/simhei.ttf><C:/WINDOWS/Fonts/simsun.ttc><C:/WINDOWS/Fo
nts/simsun.ttc><C:/WINDOWS/Fonts/simsun.ttc><C:/WINDOWS/Fonts/simsun.ttc><C:/WI
NDOWS/Fonts/simsun.ttc><C:/WINDOWS/Fonts/simhei.ttf><C:/WINDOWS/Fonts/simhei.tt
f><C:/WINDOWS/Fonts/simhei.ttf><C:/WINDOWS/Fonts/simhei.ttf><C:/WINDOWS/Fonts/s
imhei.ttf><C:/WINDOWS/Fonts/simhei.ttf><C:/WINDOWS/Fonts/simhei.ttf><C:/WINDOWS
/Fonts/simhei.ttf><C:/WINDOWS/Fonts/simhei.ttf><C:/WINDOWS/Fonts/simhei.ttf><C:
/WINDOWS/Fonts/simhei.ttf><C:/WINDOWS/Fonts/simhei.ttf><C:/WINDOWS/Fonts/simhei
.ttf><C:/WINDOWS/Fonts/simhei.ttf><C:/CTEX/MiKTeX/fonts/type1/public/amsfonts/c
m/cmex10.pfb><C:/CTEX/MiKTeX/fonts/type1/public/amsfonts/cm/cmmi10.pfb><C:/CTEX
/MiKTeX/fonts/type1/public/amsfonts/cm/cmr10.pfb><C:/CTEX/MiKTeX/fonts/type1/pu
blic/amsfonts/cm/cmsy10.pfb><C:/CTEX/MiKTeX/fonts/type1/public/amsfonts/symbols
/msam10.pfb><C:/CTEX/MiKTeX/fonts/type1/urw/symbol/usyr.pfb><C:/CTEX/MiKTeX/fon
ts/type1/urw/symbol/usyr.pfb><C:/CTEX/MiKTeX/fonts/type1/urw/times/utmb8a.pfb><
C:/CTEX/MiKTeX/fonts/type1/urw/times/utmr8a.pfb><C:/CTEX/MiKTeX/fonts/type1/urw
/times/utmri8a.pfb>
Output written on Thesis_of_shawnu_WANG.pdf (91 pages, 10895414 bytes).
PDF statistics:
 1638 PDF objects out of 1728 (max. 8388607)
 346 named destinations out of 1000 (max. 500000)
 910 words of extra memory for PDF output out of 10000 (max. 10000000)

