\BOOKMARK [0][]{chapter*.1}{\376\377\166\356\137\125}{}% 1
\BOOKMARK [0][]{chapter.1}{\376\377\176\352\213\272}{}% 2
\BOOKMARK [1][]{section.1.1}{\376\377\213\376\230\230\170\024\172\166\166\204\166\356\166\204\116\016\141\017\116\111}{chapter.1}% 3
\BOOKMARK [1][]{section.1.2}{\376\377\170\024\172\166\200\314\146\157\124\214\170\024\172\166\163\260\162\266}{chapter.1}% 4
\BOOKMARK [2][]{subsection.1.2.1}{\376\377\000\115\000\105\000\115\000\123\140\357\140\047\117\040\141\037\126\150}{section.1.2}% 5
\BOOKMARK [2][]{subsection.1.2.2}{\376\377\123\153\146\037\133\374\202\052}{section.1.2}% 6
\BOOKMARK [1][]{section.1.3}{\376\377\176\304\124\010\133\374\202\052\133\232\117\115\174\373\176\337\123\321\134\125\123\312\163\260\162\266}{chapter.1}% 7
\BOOKMARK [1][]{section.1.4}{\376\377\213\272\145\207\166\204\121\205\133\271\123\312\177\026\143\222}{chapter.1}% 8
\BOOKMARK [0][]{chapter.2}{\376\377\134\017\127\213\123\026\217\146\217\175\133\374\202\052\176\304\124\010\174\373\176\337\145\271\150\110\213\276\213\241}{}% 9
\BOOKMARK [1][]{section.2.1}{\376\377\137\025\212\000}{chapter.2}% 10
\BOOKMARK [1][]{section.2.2}{\376\377\217\146\217\175\176\304\124\010\133\374\202\052\174\373\176\337\127\120\150\007\133\232\116\111\123\312\217\154\143\142\143\142}{chapter.2}% 11
\BOOKMARK [2][]{subsection.2.2.1}{\376\377\133\374\202\052\127\120\150\007\174\373\133\232\116\111}{section.2.2}% 12
\BOOKMARK [2][]{subsection.2.2.2}{\376\377\127\120\150\007\174\373\123\330\143\142\123\237\164\006}{section.2.2}% 13
\BOOKMARK [1][]{section.2.3}{\376\377\133\374\202\052\133\232\117\115\123\237\164\006}{chapter.2}% 14
\BOOKMARK [2][]{subsection.2.3.1}{\376\377\126\333\121\103\145\160\116\016\131\377\140\001\146\364\145\260}{section.2.3}% 15
\BOOKMARK [2][]{subsection.2.3.2}{\376\377\220\037\136\246\146\364\145\260}{section.2.3}% 16
\BOOKMARK [2][]{subsection.2.3.3}{\376\377\117\115\177\156\146\364\145\260}{section.2.3}% 17
\BOOKMARK [2][]{subsection.2.3.4}{\376\377\117\116\142\020\147\054\140\357\133\374\166\204\131\377\140\001\122\035\131\313\123\026}{section.2.3}% 18
\BOOKMARK [1][]{section.2.4}{\376\377\134\017\127\213\123\026\217\146\217\175\176\304\124\010\133\232\117\115\123\237\164\006}{chapter.2}% 19
\BOOKMARK [2][]{subsection.2.4.1}{\376\377\000\115\000\105\000\115\000\123\140\357\140\047\117\040\141\037\126\150\166\204\213\357\135\356\152\041\127\213}{section.2.4}% 20
\BOOKMARK [2][]{subsection.2.4.2}{\376\377\000\115\000\105\000\115\000\123\140\357\140\047\117\040\141\037\126\150\000\101\000\154\000\154\000\141\000\156\145\271\135\356\133\236\232\214}{section.2.4}% 21
\BOOKMARK [1][]{section.2.5}{\376\377\217\146\217\175\176\304\124\010\133\232\117\115\174\373\176\337\140\073\117\123\145\271\150\110\213\276\213\241}{chapter.2}% 22
\BOOKMARK [1][]{section.2.6}{\376\377\147\054\172\340\134\017\176\323}{chapter.2}% 23
\BOOKMARK [0][]{chapter.3}{\376\377\134\017\127\213\123\026\176\304\124\010\133\232\117\115\174\373\176\337\170\154\116\366\213\276\213\241}{}% 24
\BOOKMARK [1][]{section.3.1}{\376\377\137\025\212\000}{chapter.3}% 25
\BOOKMARK [1][]{section.3.2}{\376\377\116\073\211\201\126\150\116\366\220\011\127\213}{chapter.3}% 26
\BOOKMARK [2][]{subsection.3.2.1}{\376\377\000\101\000\122\000\115\202\257\162\107}{section.3.2}% 27
\BOOKMARK [2][]{subsection.3.2.2}{\376\377\000\115\000\105\000\115\000\123\126\150\116\366}{section.3.2}% 28
\BOOKMARK [2][]{subsection.3.2.3}{\376\377\123\153\146\037\143\245\145\066\152\041\127\127}{section.3.2}% 29
\BOOKMARK [2][]{subsection.3.2.4}{\376\377\165\065\156\220\173\241\164\006\152\041\127\127}{section.3.2}% 30
\BOOKMARK [1][]{section.3.3}{\376\377\170\154\116\366\165\065\215\357\213\276\213\241}{chapter.3}% 31
\BOOKMARK [2][]{subsection.3.3.1}{\376\377\174\373\176\337\123\237\164\006\126\376\213\276\213\241}{section.3.3}% 32
\BOOKMARK [2][]{subsection.3.3.2}{\376\377\174\373\176\337\000\120\000\103\000\102\147\177\213\276\213\241}{section.3.3}% 33
\BOOKMARK [2][]{subsection.3.3.3}{\376\377\170\154\116\366\214\003\213\325}{section.3.3}% 34
\BOOKMARK [1][]{section.3.4}{\376\377\147\054\172\340\134\017\176\323}{chapter.3}% 35
\BOOKMARK [0][]{chapter.4}{\376\377\134\017\127\213\123\026\176\304\124\010\133\232\117\115\174\373\176\337\173\227\154\325\217\157\116\366\213\276\213\241}{}% 36
\BOOKMARK [1][]{section.4.1}{\376\377\137\025\212\000}{chapter.4}% 37
\BOOKMARK [1][]{section.4.2}{\376\377\174\373\176\337\152\041\127\213\166\204\213\276\213\241}{chapter.4}% 38
\BOOKMARK [2][]{subsection.4.2.1}{\376\377\174\373\176\337\162\266\140\001\145\271\172\013}{section.4.2}% 39
\BOOKMARK [2][]{subsection.4.2.2}{\376\377\174\373\176\337\221\317\155\113\145\271\172\013}{section.4.2}% 40
\BOOKMARK [2][]{subsection.4.2.3}{\376\377\171\273\145\143\123\026\123\141\134\024\146\374\156\344\154\342\213\276\213\241}{section.4.2}% 41
\BOOKMARK [1][]{section.4.3}{\376\377\135\114\121\145\137\017\217\157\116\366\213\276\213\241}{chapter.4}% 42
\BOOKMARK [2][]{subsection.4.3.1}{\376\377\174\373\176\337\172\013\136\217\213\276\213\241\145\271\150\110}{section.4.3}% 43
\BOOKMARK [2][]{subsection.4.3.2}{\376\377\000\115\000\105\000\115\000\123\117\040\141\037\126\150\221\115\177\156}{section.4.3}% 44
\BOOKMARK [2][]{subsection.4.3.3}{\376\377\000\102\000\157\000\157\000\164\000\154\000\157\000\141\000\144\000\145\000\162\116\013\217\175\213\276\213\241}{section.4.3}% 45
\BOOKMARK [2][]{subsection.4.3.4}{\376\377\000\106\000\101\000\124\000\063\000\062\145\207\116\366\174\373\176\337\166\204\171\373\151\015}{section.4.3}% 46
\BOOKMARK [1][]{section.4.4}{\376\377\174\373\176\337\116\012\117\115\147\072\217\157\116\366\213\276\213\241}{chapter.4}% 47
\BOOKMARK [2][]{subsection.4.4.1}{\376\377\220\032\117\341\145\160\143\156\123\117\213\256}{section.4.4}% 48
